Calling target program-options parser
Adding interface s1-eth1 as port 1
[05:00:06.847] [bmv2] [D] [thread 9829] Adding interface s1-eth1 as port 1
Adding interface s1-eth2 as port 2
[05:00:06.868] [bmv2] [D] [thread 9829] Adding interface s1-eth2 as port 2
Adding interface s1-eth3 as port 3
[05:00:06.893] [bmv2] [D] [thread 9829] Adding interface s1-eth3 as port 3
I0201 05:00:06.923610531    9829 server_builder.cc:247]      Synchronous server. Num CQs: 1, Min pollers: 1, Max Pollers: 2147483647, CQ timeout (msec): 1000
Server listening on 0.0.0.0:50051
Thrift server was started
New connection
P4Runtime SetForwardingPipelineConfig
[05:00:10.033] [bmv2] [D] [thread 9908] Set default default entry for table 'tbl_srcRoute_finish': MyIngress.srcRoute_finish - 
[05:00:10.033] [bmv2] [D] [thread 9908] Set default default entry for table 'tbl_srcRoute_nhop': MyIngress.srcRoute_nhop - 
[05:00:10.033] [bmv2] [D] [thread 9908] Set default default entry for table 'tbl_update_ttl': MyIngress.update_ttl - 
[05:00:10.033] [bmv2] [D] [thread 9908] Set default default entry for table 'tbl_drop': MyIngress.drop - 
[05:00:10.036] [bmv2] [D] [thread 9913] [0.0] [cxt 0] Processing packet received on port 1
[05:00:10.036] [bmv2] [D] [thread 9913] [0.0] [cxt 0] Parser 'parser': start
[05:00:10.036] [bmv2] [D] [thread 9913] [0.0] [cxt 0] Parser 'parser' entering state 'start'
[05:00:10.036] [bmv2] [D] [thread 9913] [0.0] [cxt 0] Extracting header 'ethernet'
[05:00:10.036] [bmv2] [D] [thread 9913] [0.0] [cxt 0] Parser state 'start': key is 86dd
[05:00:10.036] [bmv2] [T] [thread 9913] [0.0] [cxt 0] Bytes parsed: 14
[05:00:10.036] [bmv2] [D] [thread 9913] [0.0] [cxt 0] Parser 'parser': end
[05:00:10.036] [bmv2] [D] [thread 9913] [0.0] [cxt 0] Pipeline 'ingress': start
[05:00:10.036] [bmv2] [T] [thread 9913] [0.0] [cxt 0] source_routing.p4(126) Condition "hdr.srcRoutes[0].isValid()" (node_2) is false
[05:00:10.036] [bmv2] [T] [thread 9913] [0.0] [cxt 0] Applying table 'tbl_drop'
[05:00:10.036] [bmv2] [D] [thread 9913] [0.0] [cxt 0] Looking up key:

[05:00:10.036] [bmv2] [D] [thread 9913] [0.0] [cxt 0] Table 'tbl_drop': miss
[05:00:10.036] [bmv2] [D] [thread 9913] [0.0] [cxt 0] Action entry is MyIngress.drop - 
[05:00:10.036] [bmv2] [T] [thread 9913] [0.0] [cxt 0] Action MyIngress.drop
[05:00:10.036] [bmv2] [T] [thread 9913] [0.0] [cxt 0] source_routing.p4(109) Primitive mark_to_drop()
[05:00:10.036] [bmv2] [D] [thread 9913] [0.0] [cxt 0] Pipeline 'ingress': end
[05:00:10.036] [bmv2] [D] [thread 9913] [0.0] [cxt 0] Egress port is 511
[05:00:10.036] [bmv2] [D] [thread 9913] [0.0] [cxt 0] Dropping packet at the end of ingress
[05:00:10.036] [bmv2] [D] [thread 9913] [1.0] [cxt 0] Processing packet received on port 2
[05:00:10.036] [bmv2] [D] [thread 9913] [1.0] [cxt 0] Parser 'parser': start
[05:00:10.036] [bmv2] [D] [thread 9913] [1.0] [cxt 0] Parser 'parser' entering state 'start'
[05:00:10.036] [bmv2] [D] [thread 9913] [1.0] [cxt 0] Extracting header 'ethernet'
[05:00:10.036] [bmv2] [D] [thread 9913] [1.0] [cxt 0] Parser state 'start': key is 86dd
[05:00:10.036] [bmv2] [T] [thread 9913] [1.0] [cxt 0] Bytes parsed: 14
[05:00:10.036] [bmv2] [D] [thread 9913] [1.0] [cxt 0] Parser 'parser': end
[05:00:10.036] [bmv2] [D] [thread 9913] [1.0] [cxt 0] Pipeline 'ingress': start
[05:00:10.036] [bmv2] [T] [thread 9913] [1.0] [cxt 0] source_routing.p4(126) Condition "hdr.srcRoutes[0].isValid()" (node_2) is false
[05:00:10.036] [bmv2] [T] [thread 9913] [1.0] [cxt 0] Applying table 'tbl_drop'
[05:00:10.036] [bmv2] [D] [thread 9913] [1.0] [cxt 0] Looking up key:

[05:00:10.036] [bmv2] [D] [thread 9913] [1.0] [cxt 0] Table 'tbl_drop': miss
[05:00:10.036] [bmv2] [D] [thread 9913] [1.0] [cxt 0] Action entry is MyIngress.drop - 
[05:00:10.036] [bmv2] [T] [thread 9913] [1.0] [cxt 0] Action MyIngress.drop
[05:00:10.036] [bmv2] [T] [thread 9913] [1.0] [cxt 0] source_routing.p4(109) Primitive mark_to_drop()
[05:00:10.036] [bmv2] [D] [thread 9913] [1.0] [cxt 0] Pipeline 'ingress': end
[05:00:10.036] [bmv2] [D] [thread 9913] [1.0] [cxt 0] Egress port is 511
[05:00:10.036] [bmv2] [D] [thread 9913] [1.0] [cxt 0] Dropping packet at the end of ingress
[05:00:10.036] [bmv2] [D] [thread 9913] [2.0] [cxt 0] Processing packet received on port 3
[05:00:10.036] [bmv2] [D] [thread 9913] [2.0] [cxt 0] Parser 'parser': start
[05:00:10.036] [bmv2] [D] [thread 9913] [2.0] [cxt 0] Parser 'parser' entering state 'start'
[05:00:10.036] [bmv2] [D] [thread 9913] [2.0] [cxt 0] Extracting header 'ethernet'
[05:00:10.036] [bmv2] [D] [thread 9913] [2.0] [cxt 0] Parser state 'start': key is 86dd
[05:00:10.036] [bmv2] [T] [thread 9913] [2.0] [cxt 0] Bytes parsed: 14
[05:00:10.036] [bmv2] [D] [thread 9913] [2.0] [cxt 0] Parser 'parser': end
[05:00:10.036] [bmv2] [D] [thread 9913] [2.0] [cxt 0] Pipeline 'ingress': start
[05:00:10.036] [bmv2] [T] [thread 9913] [2.0] [cxt 0] source_routing.p4(126) Condition "hdr.srcRoutes[0].isValid()" (node_2) is false
[05:00:10.036] [bmv2] [T] [thread 9913] [2.0] [cxt 0] Applying table 'tbl_drop'
[05:00:10.036] [bmv2] [D] [thread 9913] [2.0] [cxt 0] Looking up key:

[05:00:10.036] [bmv2] [D] [thread 9913] [2.0] [cxt 0] Table 'tbl_drop': miss
[05:00:10.036] [bmv2] [D] [thread 9913] [2.0] [cxt 0] Action entry is MyIngress.drop - 
[05:00:10.036] [bmv2] [T] [thread 9913] [2.0] [cxt 0] Action MyIngress.drop
[05:00:10.036] [bmv2] [T] [thread 9913] [2.0] [cxt 0] source_routing.p4(109) Primitive mark_to_drop()
[05:00:10.036] [bmv2] [D] [thread 9913] [2.0] [cxt 0] Pipeline 'ingress': end
[05:00:10.036] [bmv2] [D] [thread 9913] [2.0] [cxt 0] Egress port is 511
[05:00:10.036] [bmv2] [D] [thread 9913] [2.0] [cxt 0] Dropping packet at the end of ingress
[05:00:10.036] [bmv2] [D] [thread 9913] [3.0] [cxt 0] Processing packet received on port 1
[05:00:10.036] [bmv2] [D] [thread 9913] [3.0] [cxt 0] Parser 'parser': start
[05:00:10.036] [bmv2] [D] [thread 9913] [3.0] [cxt 0] Parser 'parser' entering state 'start'
[05:00:10.036] [bmv2] [D] [thread 9913] [3.0] [cxt 0] Extracting header 'ethernet'
[05:00:10.036] [bmv2] [D] [thread 9913] [3.0] [cxt 0] Parser state 'start': key is 86dd
[05:00:10.036] [bmv2] [T] [thread 9913] [3.0] [cxt 0] Bytes parsed: 14
[05:00:10.036] [bmv2] [D] [thread 9913] [3.0] [cxt 0] Parser 'parser': end
[05:00:10.036] [bmv2] [D] [thread 9913] [3.0] [cxt 0] Pipeline 'ingress': start
[05:00:10.036] [bmv2] [T] [thread 9913] [3.0] [cxt 0] source_routing.p4(126) Condition "hdr.srcRoutes[0].isValid()" (node_2) is false
[05:00:10.036] [bmv2] [T] [thread 9913] [3.0] [cxt 0] Applying table 'tbl_drop'
[05:00:10.036] [bmv2] [D] [thread 9913] [3.0] [cxt 0] Looking up key:

[05:00:10.036] [bmv2] [D] [thread 9913] [3.0] [cxt 0] Table 'tbl_drop': miss
[05:00:10.036] [bmv2] [D] [thread 9913] [3.0] [cxt 0] Action entry is MyIngress.drop - 
[05:00:10.036] [bmv2] [T] [thread 9913] [3.0] [cxt 0] Action MyIngress.drop
[05:00:10.036] [bmv2] [T] [thread 9913] [3.0] [cxt 0] source_routing.p4(109) Primitive mark_to_drop()
[05:00:10.036] [bmv2] [D] [thread 9913] [3.0] [cxt 0] Pipeline 'ingress': end
[05:00:10.036] [bmv2] [D] [thread 9913] [3.0] [cxt 0] Egress port is 511
[05:00:10.036] [bmv2] [D] [thread 9913] [3.0] [cxt 0] Dropping packet at the end of ingress
[05:00:10.036] [bmv2] [D] [thread 9913] [4.0] [cxt 0] Processing packet received on port 2
[05:00:10.036] [bmv2] [D] [thread 9913] [4.0] [cxt 0] Parser 'parser': start
[05:00:10.036] [bmv2] [D] [thread 9913] [4.0] [cxt 0] Parser 'parser' entering state 'start'
[05:00:10.036] [bmv2] [D] [thread 9913] [4.0] [cxt 0] Extracting header 'ethernet'
[05:00:10.036] [bmv2] [D] [thread 9913] [4.0] [cxt 0] Parser state 'start': key is 86dd
[05:00:10.036] [bmv2] [T] [thread 9913] [4.0] [cxt 0] Bytes parsed: 14
[05:00:10.036] [bmv2] [D] [thread 9913] [4.0] [cxt 0] Parser 'parser': end
[05:00:10.036] [bmv2] [D] [thread 9913] [4.0] [cxt 0] Pipeline 'ingress': start
[05:00:10.036] [bmv2] [T] [thread 9913] [4.0] [cxt 0] source_routing.p4(126) Condition "hdr.srcRoutes[0].isValid()" (node_2) is false
[05:00:10.036] [bmv2] [T] [thread 9913] [4.0] [cxt 0] Applying table 'tbl_drop'
[05:00:10.036] [bmv2] [D] [thread 9913] [4.0] [cxt 0] Looking up key:

[05:00:10.036] [bmv2] [D] [thread 9913] [4.0] [cxt 0] Table 'tbl_drop': miss
[05:00:10.036] [bmv2] [D] [thread 9913] [4.0] [cxt 0] Action entry is MyIngress.drop - 
[05:00:10.036] [bmv2] [T] [thread 9913] [4.0] [cxt 0] Action MyIngress.drop
[05:00:10.036] [bmv2] [T] [thread 9913] [4.0] [cxt 0] source_routing.p4(109) Primitive mark_to_drop()
[05:00:10.036] [bmv2] [D] [thread 9913] [4.0] [cxt 0] Pipeline 'ingress': end
[05:00:10.036] [bmv2] [D] [thread 9913] [4.0] [cxt 0] Egress port is 511
[05:00:10.036] [bmv2] [D] [thread 9913] [4.0] [cxt 0] Dropping packet at the end of ingress
[05:00:10.036] [bmv2] [D] [thread 9913] [5.0] [cxt 0] Processing packet received on port 3
[05:00:10.036] [bmv2] [D] [thread 9913] [5.0] [cxt 0] Parser 'parser': start
[05:00:10.036] [bmv2] [D] [thread 9913] [5.0] [cxt 0] Parser 'parser' entering state 'start'
[05:00:10.036] [bmv2] [D] [thread 9913] [5.0] [cxt 0] Extracting header 'ethernet'
[05:00:10.036] [bmv2] [D] [thread 9913] [5.0] [cxt 0] Parser state 'start': key is 86dd
[05:00:10.036] [bmv2] [T] [thread 9913] [5.0] [cxt 0] Bytes parsed: 14
[05:00:10.036] [bmv2] [D] [thread 9913] [5.0] [cxt 0] Parser 'parser': end
[05:00:10.036] [bmv2] [D] [thread 9913] [5.0] [cxt 0] Pipeline 'ingress': start
[05:00:10.036] [bmv2] [T] [thread 9913] [5.0] [cxt 0] source_routing.p4(126) Condition "hdr.srcRoutes[0].isValid()" (node_2) is false
[05:00:10.036] [bmv2] [T] [thread 9913] [5.0] [cxt 0] Applying table 'tbl_drop'
[05:00:10.036] [bmv2] [D] [thread 9913] [5.0] [cxt 0] Looking up key:

[05:00:10.036] [bmv2] [D] [thread 9913] [5.0] [cxt 0] Table 'tbl_drop': miss
[05:00:10.036] [bmv2] [D] [thread 9913] [5.0] [cxt 0] Action entry is MyIngress.drop - 
[05:00:10.036] [bmv2] [T] [thread 9913] [5.0] [cxt 0] Action MyIngress.drop
[05:00:10.036] [bmv2] [T] [thread 9913] [5.0] [cxt 0] source_routing.p4(109) Primitive mark_to_drop()
[05:00:10.036] [bmv2] [D] [thread 9913] [5.0] [cxt 0] Pipeline 'ingress': end
[05:00:10.036] [bmv2] [D] [thread 9913] [5.0] [cxt 0] Egress port is 511
[05:00:10.036] [bmv2] [D] [thread 9913] [5.0] [cxt 0] Dropping packet at the end of ingress
[05:00:10.036] [bmv2] [D] [thread 9913] [6.0] [cxt 0] Processing packet received on port 1
[05:00:10.036] [bmv2] [D] [thread 9913] [6.0] [cxt 0] Parser 'parser': start
[05:00:10.036] [bmv2] [D] [thread 9913] [6.0] [cxt 0] Parser 'parser' entering state 'start'
[05:00:10.036] [bmv2] [D] [thread 9913] [6.0] [cxt 0] Extracting header 'ethernet'
[05:00:10.036] [bmv2] [D] [thread 9913] [6.0] [cxt 0] Parser state 'start': key is 86dd
[05:00:10.036] [bmv2] [T] [thread 9913] [6.0] [cxt 0] Bytes parsed: 14
[05:00:10.036] [bmv2] [D] [thread 9913] [6.0] [cxt 0] Parser 'parser': end
[05:00:10.036] [bmv2] [D] [thread 9913] [6.0] [cxt 0] Pipeline 'ingress': start
[05:00:10.036] [bmv2] [T] [thread 9913] [6.0] [cxt 0] source_routing.p4(126) Condition "hdr.srcRoutes[0].isValid()" (node_2) is false
[05:00:10.036] [bmv2] [T] [thread 9913] [6.0] [cxt 0] Applying table 'tbl_drop'
[05:00:10.036] [bmv2] [D] [thread 9913] [6.0] [cxt 0] Looking up key:

[05:00:10.036] [bmv2] [D] [thread 9913] [6.0] [cxt 0] Table 'tbl_drop': miss
[05:00:10.036] [bmv2] [D] [thread 9913] [6.0] [cxt 0] Action entry is MyIngress.drop - 
[05:00:10.036] [bmv2] [T] [thread 9913] [6.0] [cxt 0] Action MyIngress.drop
[05:00:10.036] [bmv2] [T] [thread 9913] [6.0] [cxt 0] source_routing.p4(109) Primitive mark_to_drop()
[05:00:10.036] [bmv2] [D] [thread 9913] [6.0] [cxt 0] Pipeline 'ingress': end
[05:00:10.036] [bmv2] [D] [thread 9913] [6.0] [cxt 0] Egress port is 511
[05:00:10.036] [bmv2] [D] [thread 9913] [6.0] [cxt 0] Dropping packet at the end of ingress
[05:00:10.036] [bmv2] [D] [thread 9913] [7.0] [cxt 0] Processing packet received on port 2
[05:00:10.037] [bmv2] [D] [thread 9913] [7.0] [cxt 0] Parser 'parser': start
[05:00:10.037] [bmv2] [D] [thread 9913] [7.0] [cxt 0] Parser 'parser' entering state 'start'
[05:00:10.037] [bmv2] [D] [thread 9913] [7.0] [cxt 0] Extracting header 'ethernet'
[05:00:10.037] [bmv2] [D] [thread 9913] [7.0] [cxt 0] Parser state 'start': key is 86dd
[05:00:10.037] [bmv2] [T] [thread 9913] [7.0] [cxt 0] Bytes parsed: 14
[05:00:10.037] [bmv2] [D] [thread 9913] [7.0] [cxt 0] Parser 'parser': end
[05:00:10.037] [bmv2] [D] [thread 9913] [7.0] [cxt 0] Pipeline 'ingress': start
[05:00:10.037] [bmv2] [T] [thread 9913] [7.0] [cxt 0] source_routing.p4(126) Condition "hdr.srcRoutes[0].isValid()" (node_2) is false
[05:00:10.037] [bmv2] [T] [thread 9913] [7.0] [cxt 0] Applying table 'tbl_drop'
[05:00:10.037] [bmv2] [D] [thread 9913] [7.0] [cxt 0] Looking up key:

[05:00:10.037] [bmv2] [D] [thread 9913] [7.0] [cxt 0] Table 'tbl_drop': miss
[05:00:10.037] [bmv2] [D] [thread 9913] [7.0] [cxt 0] Action entry is MyIngress.drop - 
[05:00:10.037] [bmv2] [T] [thread 9913] [7.0] [cxt 0] Action MyIngress.drop
[05:00:10.037] [bmv2] [T] [thread 9913] [7.0] [cxt 0] source_routing.p4(109) Primitive mark_to_drop()
[05:00:10.037] [bmv2] [D] [thread 9913] [7.0] [cxt 0] Pipeline 'ingress': end
[05:00:10.037] [bmv2] [D] [thread 9913] [7.0] [cxt 0] Egress port is 511
[05:00:10.037] [bmv2] [D] [thread 9913] [7.0] [cxt 0] Dropping packet at the end of ingress
[05:00:10.037] [bmv2] [D] [thread 9913] [8.0] [cxt 0] Processing packet received on port 3
[05:00:10.037] [bmv2] [D] [thread 9913] [8.0] [cxt 0] Parser 'parser': start
[05:00:10.037] [bmv2] [D] [thread 9913] [8.0] [cxt 0] Parser 'parser' entering state 'start'
[05:00:10.037] [bmv2] [D] [thread 9913] [8.0] [cxt 0] Extracting header 'ethernet'
[05:00:10.037] [bmv2] [D] [thread 9913] [8.0] [cxt 0] Parser state 'start': key is 86dd
[05:00:10.037] [bmv2] [T] [thread 9913] [8.0] [cxt 0] Bytes parsed: 14
[05:00:10.037] [bmv2] [D] [thread 9913] [8.0] [cxt 0] Parser 'parser': end
[05:00:10.037] [bmv2] [D] [thread 9913] [8.0] [cxt 0] Pipeline 'ingress': start
[05:00:10.037] [bmv2] [T] [thread 9913] [8.0] [cxt 0] source_routing.p4(126) Condition "hdr.srcRoutes[0].isValid()" (node_2) is false
[05:00:10.037] [bmv2] [T] [thread 9913] [8.0] [cxt 0] Applying table 'tbl_drop'
[05:00:10.037] [bmv2] [D] [thread 9913] [8.0] [cxt 0] Looking up key:

[05:00:10.037] [bmv2] [D] [thread 9913] [8.0] [cxt 0] Table 'tbl_drop': miss
[05:00:10.037] [bmv2] [D] [thread 9913] [8.0] [cxt 0] Action entry is MyIngress.drop - 
[05:00:10.037] [bmv2] [T] [thread 9913] [8.0] [cxt 0] Action MyIngress.drop
[05:00:10.037] [bmv2] [T] [thread 9913] [8.0] [cxt 0] source_routing.p4(109) Primitive mark_to_drop()
[05:00:10.037] [bmv2] [D] [thread 9913] [8.0] [cxt 0] Pipeline 'ingress': end
[05:00:10.037] [bmv2] [D] [thread 9913] [8.0] [cxt 0] Egress port is 511
[05:00:10.037] [bmv2] [D] [thread 9913] [8.0] [cxt 0] Dropping packet at the end of ingress
[05:00:10.037] [bmv2] [D] [thread 9913] [9.0] [cxt 0] Processing packet received on port 1
[05:00:10.037] [bmv2] [D] [thread 9913] [9.0] [cxt 0] Parser 'parser': start
[05:00:10.037] [bmv2] [D] [thread 9913] [9.0] [cxt 0] Parser 'parser' entering state 'start'
[05:00:10.037] [bmv2] [D] [thread 9913] [9.0] [cxt 0] Extracting header 'ethernet'
[05:00:10.037] [bmv2] [D] [thread 9913] [9.0] [cxt 0] Parser state 'start': key is 86dd
[05:00:10.037] [bmv2] [T] [thread 9913] [9.0] [cxt 0] Bytes parsed: 14
[05:00:10.037] [bmv2] [D] [thread 9913] [9.0] [cxt 0] Parser 'parser': end
[05:00:10.037] [bmv2] [D] [thread 9913] [9.0] [cxt 0] Pipeline 'ingress': start
[05:00:10.037] [bmv2] [T] [thread 9913] [9.0] [cxt 0] source_routing.p4(126) Condition "hdr.srcRoutes[0].isValid()" (node_2) is false
[05:00:10.037] [bmv2] [T] [thread 9913] [9.0] [cxt 0] Applying table 'tbl_drop'
[05:00:10.037] [bmv2] [D] [thread 9913] [9.0] [cxt 0] Looking up key:

[05:00:10.037] [bmv2] [D] [thread 9913] [9.0] [cxt 0] Table 'tbl_drop': miss
[05:00:10.037] [bmv2] [D] [thread 9913] [9.0] [cxt 0] Action entry is MyIngress.drop - 
[05:00:10.037] [bmv2] [T] [thread 9913] [9.0] [cxt 0] Action MyIngress.drop
[05:00:10.037] [bmv2] [T] [thread 9913] [9.0] [cxt 0] source_routing.p4(109) Primitive mark_to_drop()
[05:00:10.037] [bmv2] [D] [thread 9913] [9.0] [cxt 0] Pipeline 'ingress': end
[05:00:10.037] [bmv2] [D] [thread 9913] [9.0] [cxt 0] Egress port is 511
Connection removed
[05:00:10.037] [bmv2] [D] [thread 9913] [9.0] [cxt 0] Dropping packet at the end of ingress
[05:00:10.037] [bmv2] [D] [thread 9913] [10.0] [cxt 0] Processing packet received on port 2
[05:00:10.037] [bmv2] [D] [thread 9913] [10.0] [cxt 0] Parser 'parser': start
[05:00:10.037] [bmv2] [D] [thread 9913] [10.0] [cxt 0] Parser 'parser' entering state 'start'
[05:00:10.037] [bmv2] [D] [thread 9913] [10.0] [cxt 0] Extracting header 'ethernet'
[05:00:10.037] [bmv2] [D] [thread 9913] [10.0] [cxt 0] Parser state 'start': key is 86dd
[05:00:10.037] [bmv2] [T] [thread 9913] [10.0] [cxt 0] Bytes parsed: 14
[05:00:10.037] [bmv2] [D] [thread 9913] [10.0] [cxt 0] Parser 'parser': end
[05:00:10.037] [bmv2] [D] [thread 9913] [10.0] [cxt 0] Pipeline 'ingress': start
[05:00:10.037] [bmv2] [T] [thread 9913] [10.0] [cxt 0] source_routing.p4(126) Condition "hdr.srcRoutes[0].isValid()" (node_2) is false
[05:00:10.037] [bmv2] [T] [thread 9913] [10.0] [cxt 0] Applying table 'tbl_drop'
[05:00:10.037] [bmv2] [D] [thread 9913] [10.0] [cxt 0] Looking up key:

[05:00:10.037] [bmv2] [D] [thread 9913] [10.0] [cxt 0] Table 'tbl_drop': miss
[05:00:10.037] [bmv2] [D] [thread 9913] [10.0] [cxt 0] Action entry is MyIngress.drop - 
[05:00:10.037] [bmv2] [T] [thread 9913] [10.0] [cxt 0] Action MyIngress.drop
[05:00:10.037] [bmv2] [T] [thread 9913] [10.0] [cxt 0] source_routing.p4(109) Primitive mark_to_drop()
[05:00:10.037] [bmv2] [D] [thread 9913] [10.0] [cxt 0] Pipeline 'ingress': end
[05:00:10.037] [bmv2] [D] [thread 9913] [10.0] [cxt 0] Egress port is 511
[05:00:10.037] [bmv2] [D] [thread 9913] [10.0] [cxt 0] Dropping packet at the end of ingress
[05:00:10.037] [bmv2] [D] [thread 9913] [11.0] [cxt 0] Processing packet received on port 3
[05:00:10.037] [bmv2] [D] [thread 9913] [11.0] [cxt 0] Parser 'parser': start
[05:00:10.037] [bmv2] [D] [thread 9913] [11.0] [cxt 0] Parser 'parser' entering state 'start'
[05:00:10.037] [bmv2] [D] [thread 9913] [11.0] [cxt 0] Extracting header 'ethernet'
[05:00:10.037] [bmv2] [D] [thread 9913] [11.0] [cxt 0] Parser state 'start': key is 86dd
[05:00:10.037] [bmv2] [T] [thread 9913] [11.0] [cxt 0] Bytes parsed: 14
[05:00:10.037] [bmv2] [D] [thread 9913] [11.0] [cxt 0] Parser 'parser': end
[05:00:10.037] [bmv2] [D] [thread 9913] [11.0] [cxt 0] Pipeline 'ingress': start
[05:00:10.037] [bmv2] [T] [thread 9913] [11.0] [cxt 0] source_routing.p4(126) Condition "hdr.srcRoutes[0].isValid()" (node_2) is false
[05:00:10.037] [bmv2] [T] [thread 9913] [11.0] [cxt 0] Applying table 'tbl_drop'
[05:00:10.037] [bmv2] [D] [thread 9913] [11.0] [cxt 0] Looking up key:

[05:00:10.037] [bmv2] [D] [thread 9913] [11.0] [cxt 0] Table 'tbl_drop': miss
[05:00:10.037] [bmv2] [D] [thread 9913] [11.0] [cxt 0] Action entry is MyIngress.drop - 
[05:00:10.037] [bmv2] [T] [thread 9913] [11.0] [cxt 0] Action MyIngress.drop
[05:00:10.037] [bmv2] [T] [thread 9913] [11.0] [cxt 0] source_routing.p4(109) Primitive mark_to_drop()
[05:00:10.037] [bmv2] [D] [thread 9913] [11.0] [cxt 0] Pipeline 'ingress': end
[05:00:10.037] [bmv2] [D] [thread 9913] [11.0] [cxt 0] Egress port is 511
[05:00:10.037] [bmv2] [D] [thread 9913] [11.0] [cxt 0] Dropping packet at the end of ingress
[05:00:10.037] [bmv2] [D] [thread 9913] [12.0] [cxt 0] Processing packet received on port 1
[05:00:10.037] [bmv2] [D] [thread 9913] [12.0] [cxt 0] Parser 'parser': start
[05:00:10.037] [bmv2] [D] [thread 9913] [12.0] [cxt 0] Parser 'parser' entering state 'start'
[05:00:10.037] [bmv2] [D] [thread 9913] [12.0] [cxt 0] Extracting header 'ethernet'
[05:00:10.037] [bmv2] [D] [thread 9913] [12.0] [cxt 0] Parser state 'start': key is 86dd
[05:00:10.037] [bmv2] [T] [thread 9913] [12.0] [cxt 0] Bytes parsed: 14
[05:00:10.037] [bmv2] [D] [thread 9913] [12.0] [cxt 0] Parser 'parser': end
[05:00:10.037] [bmv2] [D] [thread 9913] [12.0] [cxt 0] Pipeline 'ingress': start
[05:00:10.037] [bmv2] [T] [thread 9913] [12.0] [cxt 0] source_routing.p4(126) Condition "hdr.srcRoutes[0].isValid()" (node_2) is false
[05:00:10.037] [bmv2] [T] [thread 9913] [12.0] [cxt 0] Applying table 'tbl_drop'
[05:00:10.037] [bmv2] [D] [thread 9913] [12.0] [cxt 0] Looking up key:

[05:00:10.037] [bmv2] [D] [thread 9913] [12.0] [cxt 0] Table 'tbl_drop': miss
[05:00:10.037] [bmv2] [D] [thread 9913] [12.0] [cxt 0] Action entry is MyIngress.drop - 
[05:00:10.037] [bmv2] [T] [thread 9913] [12.0] [cxt 0] Action MyIngress.drop
[05:00:10.037] [bmv2] [T] [thread 9913] [12.0] [cxt 0] source_routing.p4(109) Primitive mark_to_drop()
[05:00:10.037] [bmv2] [D] [thread 9913] [12.0] [cxt 0] Pipeline 'ingress': end
[05:00:10.037] [bmv2] [D] [thread 9913] [12.0] [cxt 0] Egress port is 511
[05:00:10.037] [bmv2] [D] [thread 9913] [12.0] [cxt 0] Dropping packet at the end of ingress
[05:00:10.037] [bmv2] [D] [thread 9913] [13.0] [cxt 0] Processing packet received on port 2
[05:00:10.037] [bmv2] [D] [thread 9913] [13.0] [cxt 0] Parser 'parser': start
[05:00:10.037] [bmv2] [D] [thread 9913] [13.0] [cxt 0] Parser 'parser' entering state 'start'
[05:00:10.037] [bmv2] [D] [thread 9913] [13.0] [cxt 0] Extracting header 'ethernet'
[05:00:10.037] [bmv2] [D] [thread 9913] [13.0] [cxt 0] Parser state 'start': key is 86dd
[05:00:10.037] [bmv2] [T] [thread 9913] [13.0] [cxt 0] Bytes parsed: 14
[05:00:10.037] [bmv2] [D] [thread 9913] [13.0] [cxt 0] Parser 'parser': end
[05:00:10.037] [bmv2] [D] [thread 9913] [13.0] [cxt 0] Pipeline 'ingress': start
[05:00:10.037] [bmv2] [T] [thread 9913] [13.0] [cxt 0] source_routing.p4(126) Condition "hdr.srcRoutes[0].isValid()" (node_2) is false
[05:00:10.037] [bmv2] [T] [thread 9913] [13.0] [cxt 0] Applying table 'tbl_drop'
[05:00:10.037] [bmv2] [D] [thread 9913] [13.0] [cxt 0] Looking up key:

[05:00:10.037] [bmv2] [D] [thread 9913] [13.0] [cxt 0] Table 'tbl_drop': miss
[05:00:10.037] [bmv2] [D] [thread 9913] [13.0] [cxt 0] Action entry is MyIngress.drop - 
[05:00:10.037] [bmv2] [T] [thread 9913] [13.0] [cxt 0] Action MyIngress.drop
[05:00:10.037] [bmv2] [T] [thread 9913] [13.0] [cxt 0] source_routing.p4(109) Primitive mark_to_drop()
[05:00:10.037] [bmv2] [D] [thread 9913] [13.0] [cxt 0] Pipeline 'ingress': end
[05:00:10.037] [bmv2] [D] [thread 9913] [13.0] [cxt 0] Egress port is 511
[05:00:10.037] [bmv2] [D] [thread 9913] [13.0] [cxt 0] Dropping packet at the end of ingress
[05:00:10.037] [bmv2] [D] [thread 9913] [14.0] [cxt 0] Processing packet received on port 3
[05:00:10.037] [bmv2] [D] [thread 9913] [14.0] [cxt 0] Parser 'parser': start
[05:00:10.037] [bmv2] [D] [thread 9913] [14.0] [cxt 0] Parser 'parser' entering state 'start'
[05:00:10.037] [bmv2] [D] [thread 9913] [14.0] [cxt 0] Extracting header 'ethernet'
[05:00:10.037] [bmv2] [D] [thread 9913] [14.0] [cxt 0] Parser state 'start': key is 86dd
[05:00:10.037] [bmv2] [T] [thread 9913] [14.0] [cxt 0] Bytes parsed: 14
[05:00:10.037] [bmv2] [D] [thread 9913] [14.0] [cxt 0] Parser 'parser': end
[05:00:10.037] [bmv2] [D] [thread 9913] [14.0] [cxt 0] Pipeline 'ingress': start
[05:00:10.037] [bmv2] [T] [thread 9913] [14.0] [cxt 0] source_routing.p4(126) Condition "hdr.srcRoutes[0].isValid()" (node_2) is false
[05:00:10.037] [bmv2] [T] [thread 9913] [14.0] [cxt 0] Applying table 'tbl_drop'
[05:00:10.037] [bmv2] [D] [thread 9913] [14.0] [cxt 0] Looking up key:

[05:00:10.037] [bmv2] [D] [thread 9913] [14.0] [cxt 0] Table 'tbl_drop': miss
[05:00:10.037] [bmv2] [D] [thread 9913] [14.0] [cxt 0] Action entry is MyIngress.drop - 
[05:00:10.037] [bmv2] [T] [thread 9913] [14.0] [cxt 0] Action MyIngress.drop
[05:00:10.037] [bmv2] [T] [thread 9913] [14.0] [cxt 0] source_routing.p4(109) Primitive mark_to_drop()
[05:00:10.037] [bmv2] [D] [thread 9913] [14.0] [cxt 0] Pipeline 'ingress': end
[05:00:10.037] [bmv2] [D] [thread 9913] [14.0] [cxt 0] Egress port is 511
[05:00:10.037] [bmv2] [D] [thread 9913] [14.0] [cxt 0] Dropping packet at the end of ingress
[05:00:10.037] [bmv2] [D] [thread 9913] [15.0] [cxt 0] Processing packet received on port 1
[05:00:10.037] [bmv2] [D] [thread 9913] [15.0] [cxt 0] Parser 'parser': start
[05:00:10.037] [bmv2] [D] [thread 9913] [15.0] [cxt 0] Parser 'parser' entering state 'start'
[05:00:10.037] [bmv2] [D] [thread 9913] [15.0] [cxt 0] Extracting header 'ethernet'
[05:00:10.037] [bmv2] [D] [thread 9913] [15.0] [cxt 0] Parser state 'start': key is 86dd
[05:00:10.037] [bmv2] [T] [thread 9913] [15.0] [cxt 0] Bytes parsed: 14
[05:00:10.037] [bmv2] [D] [thread 9913] [15.0] [cxt 0] Parser 'parser': end
[05:00:10.037] [bmv2] [D] [thread 9913] [15.0] [cxt 0] Pipeline 'ingress': start
[05:00:10.037] [bmv2] [T] [thread 9913] [15.0] [cxt 0] source_routing.p4(126) Condition "hdr.srcRoutes[0].isValid()" (node_2) is false
[05:00:10.037] [bmv2] [T] [thread 9913] [15.0] [cxt 0] Applying table 'tbl_drop'
[05:00:10.037] [bmv2] [D] [thread 9913] [15.0] [cxt 0] Looking up key:

[05:00:10.037] [bmv2] [D] [thread 9913] [15.0] [cxt 0] Table 'tbl_drop': miss
[05:00:10.037] [bmv2] [D] [thread 9913] [15.0] [cxt 0] Action entry is MyIngress.drop - 
[05:00:10.038] [bmv2] [T] [thread 9913] [15.0] [cxt 0] Action MyIngress.drop
[05:00:10.038] [bmv2] [T] [thread 9913] [15.0] [cxt 0] source_routing.p4(109) Primitive mark_to_drop()
[05:00:10.038] [bmv2] [D] [thread 9913] [15.0] [cxt 0] Pipeline 'ingress': end
[05:00:10.038] [bmv2] [D] [thread 9913] [15.0] [cxt 0] Egress port is 511
[05:00:10.038] [bmv2] [D] [thread 9913] [15.0] [cxt 0] Dropping packet at the end of ingress
[05:00:10.038] [bmv2] [D] [thread 9913] [16.0] [cxt 0] Processing packet received on port 2
[05:00:10.038] [bmv2] [D] [thread 9913] [16.0] [cxt 0] Parser 'parser': start
[05:00:10.038] [bmv2] [D] [thread 9913] [16.0] [cxt 0] Parser 'parser' entering state 'start'
[05:00:10.038] [bmv2] [D] [thread 9913] [16.0] [cxt 0] Extracting header 'ethernet'
[05:00:10.038] [bmv2] [D] [thread 9913] [16.0] [cxt 0] Parser state 'start': key is 86dd
[05:00:10.038] [bmv2] [T] [thread 9913] [16.0] [cxt 0] Bytes parsed: 14
[05:00:10.038] [bmv2] [D] [thread 9913] [16.0] [cxt 0] Parser 'parser': end
[05:00:10.038] [bmv2] [D] [thread 9913] [16.0] [cxt 0] Pipeline 'ingress': start
[05:00:10.038] [bmv2] [T] [thread 9913] [16.0] [cxt 0] source_routing.p4(126) Condition "hdr.srcRoutes[0].isValid()" (node_2) is false
[05:00:10.038] [bmv2] [T] [thread 9913] [16.0] [cxt 0] Applying table 'tbl_drop'
[05:00:10.038] [bmv2] [D] [thread 9913] [16.0] [cxt 0] Looking up key:

[05:00:10.038] [bmv2] [D] [thread 9913] [16.0] [cxt 0] Table 'tbl_drop': miss
[05:00:10.038] [bmv2] [D] [thread 9913] [16.0] [cxt 0] Action entry is MyIngress.drop - 
[05:00:10.038] [bmv2] [T] [thread 9913] [16.0] [cxt 0] Action MyIngress.drop
[05:00:10.038] [bmv2] [T] [thread 9913] [16.0] [cxt 0] source_routing.p4(109) Primitive mark_to_drop()
[05:00:10.038] [bmv2] [D] [thread 9913] [16.0] [cxt 0] Pipeline 'ingress': end
[05:00:10.038] [bmv2] [D] [thread 9913] [16.0] [cxt 0] Egress port is 511
[05:00:10.038] [bmv2] [D] [thread 9913] [16.0] [cxt 0] Dropping packet at the end of ingress
[05:00:10.038] [bmv2] [D] [thread 9913] [17.0] [cxt 0] Processing packet received on port 3
[05:00:10.038] [bmv2] [D] [thread 9913] [17.0] [cxt 0] Parser 'parser': start
[05:00:10.038] [bmv2] [D] [thread 9913] [17.0] [cxt 0] Parser 'parser' entering state 'start'
[05:00:10.038] [bmv2] [D] [thread 9913] [17.0] [cxt 0] Extracting header 'ethernet'
[05:00:10.038] [bmv2] [D] [thread 9913] [17.0] [cxt 0] Parser state 'start': key is 86dd
[05:00:10.038] [bmv2] [T] [thread 9913] [17.0] [cxt 0] Bytes parsed: 14
[05:00:10.038] [bmv2] [D] [thread 9913] [17.0] [cxt 0] Parser 'parser': end
[05:00:10.038] [bmv2] [D] [thread 9913] [17.0] [cxt 0] Pipeline 'ingress': start
[05:00:10.038] [bmv2] [T] [thread 9913] [17.0] [cxt 0] source_routing.p4(126) Condition "hdr.srcRoutes[0].isValid()" (node_2) is false
[05:00:10.038] [bmv2] [T] [thread 9913] [17.0] [cxt 0] Applying table 'tbl_drop'
[05:00:10.038] [bmv2] [D] [thread 9913] [17.0] [cxt 0] Looking up key:

[05:00:10.038] [bmv2] [D] [thread 9913] [17.0] [cxt 0] Table 'tbl_drop': miss
[05:00:10.038] [bmv2] [D] [thread 9913] [17.0] [cxt 0] Action entry is MyIngress.drop - 
[05:00:10.038] [bmv2] [T] [thread 9913] [17.0] [cxt 0] Action MyIngress.drop
[05:00:10.038] [bmv2] [T] [thread 9913] [17.0] [cxt 0] source_routing.p4(109) Primitive mark_to_drop()
[05:00:10.038] [bmv2] [D] [thread 9913] [17.0] [cxt 0] Pipeline 'ingress': end
[05:00:10.038] [bmv2] [D] [thread 9913] [17.0] [cxt 0] Egress port is 511
[05:00:10.038] [bmv2] [D] [thread 9913] [17.0] [cxt 0] Dropping packet at the end of ingress
[05:00:10.038] [bmv2] [D] [thread 9913] [18.0] [cxt 0] Processing packet received on port 1
[05:00:10.038] [bmv2] [D] [thread 9913] [18.0] [cxt 0] Parser 'parser': start
[05:00:10.038] [bmv2] [D] [thread 9913] [18.0] [cxt 0] Parser 'parser' entering state 'start'
[05:00:10.038] [bmv2] [D] [thread 9913] [18.0] [cxt 0] Extracting header 'ethernet'
[05:00:10.038] [bmv2] [D] [thread 9913] [18.0] [cxt 0] Parser state 'start': key is 86dd
[05:00:10.038] [bmv2] [T] [thread 9913] [18.0] [cxt 0] Bytes parsed: 14
[05:00:10.038] [bmv2] [D] [thread 9913] [18.0] [cxt 0] Parser 'parser': end
[05:00:10.038] [bmv2] [D] [thread 9913] [18.0] [cxt 0] Pipeline 'ingress': start
[05:00:10.038] [bmv2] [T] [thread 9913] [18.0] [cxt 0] source_routing.p4(126) Condition "hdr.srcRoutes[0].isValid()" (node_2) is false
[05:00:10.038] [bmv2] [T] [thread 9913] [18.0] [cxt 0] Applying table 'tbl_drop'
[05:00:10.038] [bmv2] [D] [thread 9913] [18.0] [cxt 0] Looking up key:

[05:00:10.038] [bmv2] [D] [thread 9913] [18.0] [cxt 0] Table 'tbl_drop': miss
[05:00:10.038] [bmv2] [D] [thread 9913] [18.0] [cxt 0] Action entry is MyIngress.drop - 
[05:00:10.038] [bmv2] [T] [thread 9913] [18.0] [cxt 0] Action MyIngress.drop
[05:00:10.038] [bmv2] [T] [thread 9913] [18.0] [cxt 0] source_routing.p4(109) Primitive mark_to_drop()
[05:00:10.038] [bmv2] [D] [thread 9913] [18.0] [cxt 0] Pipeline 'ingress': end
[05:00:10.038] [bmv2] [D] [thread 9913] [18.0] [cxt 0] Egress port is 511
[05:00:10.038] [bmv2] [D] [thread 9913] [18.0] [cxt 0] Dropping packet at the end of ingress
[05:00:10.038] [bmv2] [D] [thread 9913] [19.0] [cxt 0] Processing packet received on port 2
[05:00:10.038] [bmv2] [D] [thread 9913] [19.0] [cxt 0] Parser 'parser': start
[05:00:10.038] [bmv2] [D] [thread 9913] [19.0] [cxt 0] Parser 'parser' entering state 'start'
[05:00:10.038] [bmv2] [D] [thread 9913] [19.0] [cxt 0] Extracting header 'ethernet'
[05:00:10.038] [bmv2] [D] [thread 9913] [19.0] [cxt 0] Parser state 'start': key is 86dd
[05:00:10.038] [bmv2] [T] [thread 9913] [19.0] [cxt 0] Bytes parsed: 14
[05:00:10.038] [bmv2] [D] [thread 9913] [19.0] [cxt 0] Parser 'parser': end
[05:00:10.038] [bmv2] [D] [thread 9913] [19.0] [cxt 0] Pipeline 'ingress': start
[05:00:10.038] [bmv2] [T] [thread 9913] [19.0] [cxt 0] source_routing.p4(126) Condition "hdr.srcRoutes[0].isValid()" (node_2) is false
[05:00:10.038] [bmv2] [T] [thread 9913] [19.0] [cxt 0] Applying table 'tbl_drop'
[05:00:10.038] [bmv2] [D] [thread 9913] [19.0] [cxt 0] Looking up key:

[05:00:10.038] [bmv2] [D] [thread 9913] [19.0] [cxt 0] Table 'tbl_drop': miss
[05:00:10.038] [bmv2] [D] [thread 9913] [19.0] [cxt 0] Action entry is MyIngress.drop - 
[05:00:10.038] [bmv2] [T] [thread 9913] [19.0] [cxt 0] Action MyIngress.drop
[05:00:10.038] [bmv2] [T] [thread 9913] [19.0] [cxt 0] source_routing.p4(109) Primitive mark_to_drop()
[05:00:10.038] [bmv2] [D] [thread 9913] [19.0] [cxt 0] Pipeline 'ingress': end
[05:00:10.038] [bmv2] [D] [thread 9913] [19.0] [cxt 0] Egress port is 511
[05:00:10.038] [bmv2] [D] [thread 9913] [19.0] [cxt 0] Dropping packet at the end of ingress
[05:00:10.038] [bmv2] [D] [thread 9913] [20.0] [cxt 0] Processing packet received on port 3
[05:00:10.038] [bmv2] [D] [thread 9913] [20.0] [cxt 0] Parser 'parser': start
[05:00:10.038] [bmv2] [D] [thread 9913] [20.0] [cxt 0] Parser 'parser' entering state 'start'
[05:00:10.038] [bmv2] [D] [thread 9913] [20.0] [cxt 0] Extracting header 'ethernet'
[05:00:10.038] [bmv2] [D] [thread 9913] [20.0] [cxt 0] Parser state 'start': key is 86dd
[05:00:10.038] [bmv2] [T] [thread 9913] [20.0] [cxt 0] Bytes parsed: 14
[05:00:10.038] [bmv2] [D] [thread 9913] [20.0] [cxt 0] Parser 'parser': end
[05:00:10.038] [bmv2] [D] [thread 9913] [20.0] [cxt 0] Pipeline 'ingress': start
[05:00:10.038] [bmv2] [T] [thread 9913] [20.0] [cxt 0] source_routing.p4(126) Condition "hdr.srcRoutes[0].isValid()" (node_2) is false
[05:00:10.038] [bmv2] [T] [thread 9913] [20.0] [cxt 0] Applying table 'tbl_drop'
[05:00:10.038] [bmv2] [D] [thread 9913] [20.0] [cxt 0] Looking up key:

[05:00:10.038] [bmv2] [D] [thread 9913] [20.0] [cxt 0] Table 'tbl_drop': miss
[05:00:10.038] [bmv2] [D] [thread 9913] [20.0] [cxt 0] Action entry is MyIngress.drop - 
[05:00:10.038] [bmv2] [T] [thread 9913] [20.0] [cxt 0] Action MyIngress.drop
[05:00:10.038] [bmv2] [T] [thread 9913] [20.0] [cxt 0] source_routing.p4(109) Primitive mark_to_drop()
[05:00:10.038] [bmv2] [D] [thread 9913] [20.0] [cxt 0] Pipeline 'ingress': end
[05:00:10.038] [bmv2] [D] [thread 9913] [20.0] [cxt 0] Egress port is 511
[05:00:10.038] [bmv2] [D] [thread 9913] [20.0] [cxt 0] Dropping packet at the end of ingress
[05:00:10.282] [bmv2] [D] [thread 9913] [21.0] [cxt 0] Processing packet received on port 3
[05:00:10.282] [bmv2] [D] [thread 9913] [21.0] [cxt 0] Parser 'parser': start
[05:00:10.282] [bmv2] [D] [thread 9913] [21.0] [cxt 0] Parser 'parser' entering state 'start'
[05:00:10.282] [bmv2] [D] [thread 9913] [21.0] [cxt 0] Extracting header 'ethernet'
[05:00:10.282] [bmv2] [D] [thread 9913] [21.0] [cxt 0] Parser state 'start': key is 86dd
[05:00:10.282] [bmv2] [T] [thread 9913] [21.0] [cxt 0] Bytes parsed: 14
[05:00:10.282] [bmv2] [D] [thread 9913] [21.0] [cxt 0] Parser 'parser': end
[05:00:10.282] [bmv2] [D] [thread 9913] [21.0] [cxt 0] Pipeline 'ingress': start
[05:00:10.282] [bmv2] [T] [thread 9913] [21.0] [cxt 0] source_routing.p4(126) Condition "hdr.srcRoutes[0].isValid()" (node_2) is false
[05:00:10.282] [bmv2] [T] [thread 9913] [21.0] [cxt 0] Applying table 'tbl_drop'
[05:00:10.282] [bmv2] [D] [thread 9913] [21.0] [cxt 0] Looking up key:

[05:00:10.282] [bmv2] [D] [thread 9913] [21.0] [cxt 0] Table 'tbl_drop': miss
[05:00:10.282] [bmv2] [D] [thread 9913] [21.0] [cxt 0] Action entry is MyIngress.drop - 
[05:00:10.282] [bmv2] [T] [thread 9913] [21.0] [cxt 0] Action MyIngress.drop
[05:00:10.282] [bmv2] [T] [thread 9913] [21.0] [cxt 0] source_routing.p4(109) Primitive mark_to_drop()
[05:00:10.282] [bmv2] [D] [thread 9913] [21.0] [cxt 0] Pipeline 'ingress': end
[05:00:10.282] [bmv2] [D] [thread 9913] [21.0] [cxt 0] Egress port is 511
[05:00:10.282] [bmv2] [D] [thread 9913] [21.0] [cxt 0] Dropping packet at the end of ingress
[05:00:10.384] [bmv2] [D] [thread 9913] [22.0] [cxt 0] Processing packet received on port 1
[05:00:10.384] [bmv2] [D] [thread 9913] [22.0] [cxt 0] Parser 'parser': start
[05:00:10.384] [bmv2] [D] [thread 9913] [22.0] [cxt 0] Parser 'parser' entering state 'start'
[05:00:10.384] [bmv2] [D] [thread 9913] [22.0] [cxt 0] Extracting header 'ethernet'
[05:00:10.384] [bmv2] [D] [thread 9913] [22.0] [cxt 0] Parser state 'start': key is 86dd
[05:00:10.384] [bmv2] [T] [thread 9913] [22.0] [cxt 0] Bytes parsed: 14
[05:00:10.384] [bmv2] [D] [thread 9913] [22.0] [cxt 0] Parser 'parser': end
[05:00:10.384] [bmv2] [D] [thread 9913] [22.0] [cxt 0] Pipeline 'ingress': start
[05:00:10.384] [bmv2] [T] [thread 9913] [22.0] [cxt 0] source_routing.p4(126) Condition "hdr.srcRoutes[0].isValid()" (node_2) is false
[05:00:10.384] [bmv2] [T] [thread 9913] [22.0] [cxt 0] Applying table 'tbl_drop'
[05:00:10.384] [bmv2] [D] [thread 9913] [22.0] [cxt 0] Looking up key:

[05:00:10.384] [bmv2] [D] [thread 9913] [22.0] [cxt 0] Table 'tbl_drop': miss
[05:00:10.384] [bmv2] [D] [thread 9913] [22.0] [cxt 0] Action entry is MyIngress.drop - 
[05:00:10.384] [bmv2] [T] [thread 9913] [22.0] [cxt 0] Action MyIngress.drop
[05:00:10.384] [bmv2] [T] [thread 9913] [22.0] [cxt 0] source_routing.p4(109) Primitive mark_to_drop()
[05:00:10.384] [bmv2] [D] [thread 9913] [22.0] [cxt 0] Pipeline 'ingress': end
[05:00:10.384] [bmv2] [D] [thread 9913] [22.0] [cxt 0] Egress port is 511
[05:00:10.384] [bmv2] [D] [thread 9913] [22.0] [cxt 0] Dropping packet at the end of ingress
[05:00:10.572] [bmv2] [D] [thread 9913] [23.0] [cxt 0] Processing packet received on port 2
[05:00:10.572] [bmv2] [D] [thread 9913] [23.0] [cxt 0] Parser 'parser': start
[05:00:10.572] [bmv2] [D] [thread 9913] [23.0] [cxt 0] Parser 'parser' entering state 'start'
[05:00:10.572] [bmv2] [D] [thread 9913] [23.0] [cxt 0] Extracting header 'ethernet'
[05:00:10.572] [bmv2] [D] [thread 9913] [23.0] [cxt 0] Parser state 'start': key is 86dd
[05:00:10.572] [bmv2] [T] [thread 9913] [23.0] [cxt 0] Bytes parsed: 14
[05:00:10.572] [bmv2] [D] [thread 9913] [23.0] [cxt 0] Parser 'parser': end
[05:00:10.572] [bmv2] [D] [thread 9913] [23.0] [cxt 0] Pipeline 'ingress': start
[05:00:10.572] [bmv2] [T] [thread 9913] [23.0] [cxt 0] source_routing.p4(126) Condition "hdr.srcRoutes[0].isValid()" (node_2) is false
[05:00:10.572] [bmv2] [T] [thread 9913] [23.0] [cxt 0] Applying table 'tbl_drop'
[05:00:10.572] [bmv2] [D] [thread 9913] [23.0] [cxt 0] Looking up key:

[05:00:10.572] [bmv2] [D] [thread 9913] [23.0] [cxt 0] Table 'tbl_drop': miss
[05:00:10.572] [bmv2] [D] [thread 9913] [23.0] [cxt 0] Action entry is MyIngress.drop - 
[05:00:10.572] [bmv2] [T] [thread 9913] [23.0] [cxt 0] Action MyIngress.drop
[05:00:10.572] [bmv2] [T] [thread 9913] [23.0] [cxt 0] source_routing.p4(109) Primitive mark_to_drop()
[05:00:10.572] [bmv2] [D] [thread 9913] [23.0] [cxt 0] Pipeline 'ingress': end
[05:00:10.572] [bmv2] [D] [thread 9913] [23.0] [cxt 0] Egress port is 511
[05:00:10.572] [bmv2] [D] [thread 9913] [23.0] [cxt 0] Dropping packet at the end of ingress
[05:00:11.724] [bmv2] [D] [thread 9913] [24.0] [cxt 0] Processing packet received on port 3
[05:00:11.724] [bmv2] [D] [thread 9913] [24.0] [cxt 0] Parser 'parser': start
[05:00:11.724] [bmv2] [D] [thread 9913] [24.0] [cxt 0] Parser 'parser' entering state 'start'
[05:00:11.724] [bmv2] [D] [thread 9913] [24.0] [cxt 0] Extracting header 'ethernet'
[05:00:11.724] [bmv2] [D] [thread 9913] [24.0] [cxt 0] Parser state 'start': key is 86dd
[05:00:11.724] [bmv2] [T] [thread 9913] [24.0] [cxt 0] Bytes parsed: 14
[05:00:11.724] [bmv2] [D] [thread 9913] [24.0] [cxt 0] Parser 'parser': end
[05:00:11.724] [bmv2] [D] [thread 9913] [24.0] [cxt 0] Pipeline 'ingress': start
[05:00:11.724] [bmv2] [T] [thread 9913] [24.0] [cxt 0] source_routing.p4(126) Condition "hdr.srcRoutes[0].isValid()" (node_2) is false
[05:00:11.724] [bmv2] [T] [thread 9913] [24.0] [cxt 0] Applying table 'tbl_drop'
[05:00:11.724] [bmv2] [D] [thread 9913] [24.0] [cxt 0] Looking up key:

[05:00:11.724] [bmv2] [D] [thread 9913] [24.0] [cxt 0] Table 'tbl_drop': miss
[05:00:11.724] [bmv2] [D] [thread 9913] [24.0] [cxt 0] Action entry is MyIngress.drop - 
[05:00:11.724] [bmv2] [T] [thread 9913] [24.0] [cxt 0] Action MyIngress.drop
[05:00:11.724] [bmv2] [T] [thread 9913] [24.0] [cxt 0] source_routing.p4(109) Primitive mark_to_drop()
[05:00:11.724] [bmv2] [D] [thread 9913] [24.0] [cxt 0] Pipeline 'ingress': end
[05:00:11.724] [bmv2] [D] [thread 9913] [24.0] [cxt 0] Egress port is 511
[05:00:11.724] [bmv2] [D] [thread 9913] [24.0] [cxt 0] Dropping packet at the end of ingress
[05:00:11.887] [bmv2] [D] [thread 9913] [25.0] [cxt 0] Processing packet received on port 2
[05:00:11.887] [bmv2] [D] [thread 9913] [25.0] [cxt 0] Parser 'parser': start
[05:00:11.887] [bmv2] [D] [thread 9913] [25.0] [cxt 0] Parser 'parser' entering state 'start'
[05:00:11.887] [bmv2] [D] [thread 9913] [25.0] [cxt 0] Extracting header 'ethernet'
[05:00:11.887] [bmv2] [D] [thread 9913] [25.0] [cxt 0] Parser state 'start': key is 86dd
[05:00:11.888] [bmv2] [T] [thread 9913] [25.0] [cxt 0] Bytes parsed: 14
[05:00:11.888] [bmv2] [D] [thread 9913] [25.0] [cxt 0] Parser 'parser': end
[05:00:11.888] [bmv2] [D] [thread 9913] [25.0] [cxt 0] Pipeline 'ingress': start
[05:00:11.888] [bmv2] [T] [thread 9913] [25.0] [cxt 0] source_routing.p4(126) Condition "hdr.srcRoutes[0].isValid()" (node_2) is false
[05:00:11.888] [bmv2] [T] [thread 9913] [25.0] [cxt 0] Applying table 'tbl_drop'
[05:00:11.888] [bmv2] [D] [thread 9913] [25.0] [cxt 0] Looking up key:

[05:00:11.888] [bmv2] [D] [thread 9913] [25.0] [cxt 0] Table 'tbl_drop': miss
[05:00:11.888] [bmv2] [D] [thread 9913] [25.0] [cxt 0] Action entry is MyIngress.drop - 
[05:00:11.888] [bmv2] [T] [thread 9913] [25.0] [cxt 0] Action MyIngress.drop
[05:00:11.888] [bmv2] [T] [thread 9913] [25.0] [cxt 0] source_routing.p4(109) Primitive mark_to_drop()
[05:00:11.888] [bmv2] [D] [thread 9913] [25.0] [cxt 0] Pipeline 'ingress': end
[05:00:11.888] [bmv2] [D] [thread 9913] [25.0] [cxt 0] Egress port is 511
[05:00:11.888] [bmv2] [D] [thread 9913] [25.0] [cxt 0] Dropping packet at the end of ingress
[05:00:11.925] [bmv2] [D] [thread 9913] [26.0] [cxt 0] Processing packet received on port 1
[05:00:11.925] [bmv2] [D] [thread 9913] [26.0] [cxt 0] Parser 'parser': start
[05:00:11.925] [bmv2] [D] [thread 9913] [26.0] [cxt 0] Parser 'parser' entering state 'start'
[05:00:11.925] [bmv2] [D] [thread 9913] [26.0] [cxt 0] Extracting header 'ethernet'
[05:00:11.925] [bmv2] [D] [thread 9913] [26.0] [cxt 0] Parser state 'start': key is 86dd
[05:00:11.925] [bmv2] [T] [thread 9913] [26.0] [cxt 0] Bytes parsed: 14
[05:00:11.925] [bmv2] [D] [thread 9913] [26.0] [cxt 0] Parser 'parser': end
[05:00:11.925] [bmv2] [D] [thread 9913] [26.0] [cxt 0] Pipeline 'ingress': start
[05:00:11.925] [bmv2] [T] [thread 9913] [26.0] [cxt 0] source_routing.p4(126) Condition "hdr.srcRoutes[0].isValid()" (node_2) is false
[05:00:11.925] [bmv2] [T] [thread 9913] [26.0] [cxt 0] Applying table 'tbl_drop'
[05:00:11.925] [bmv2] [D] [thread 9913] [26.0] [cxt 0] Looking up key:

[05:00:11.925] [bmv2] [D] [thread 9913] [26.0] [cxt 0] Table 'tbl_drop': miss
[05:00:11.925] [bmv2] [D] [thread 9913] [26.0] [cxt 0] Action entry is MyIngress.drop - 
[05:00:11.925] [bmv2] [T] [thread 9913] [26.0] [cxt 0] Action MyIngress.drop
[05:00:11.925] [bmv2] [T] [thread 9913] [26.0] [cxt 0] source_routing.p4(109) Primitive mark_to_drop()
[05:00:11.925] [bmv2] [D] [thread 9913] [26.0] [cxt 0] Pipeline 'ingress': end
[05:00:11.925] [bmv2] [D] [thread 9913] [26.0] [cxt 0] Egress port is 511
[05:00:11.925] [bmv2] [D] [thread 9913] [26.0] [cxt 0] Dropping packet at the end of ingress
[05:00:12.002] [bmv2] [D] [thread 9913] [27.0] [cxt 0] Processing packet received on port 3
[05:00:12.002] [bmv2] [D] [thread 9913] [27.0] [cxt 0] Parser 'parser': start
[05:00:12.002] [bmv2] [D] [thread 9913] [27.0] [cxt 0] Parser 'parser' entering state 'start'
[05:00:12.002] [bmv2] [D] [thread 9913] [27.0] [cxt 0] Extracting header 'ethernet'
[05:00:12.002] [bmv2] [D] [thread 9913] [27.0] [cxt 0] Parser state 'start': key is 86dd
[05:00:12.002] [bmv2] [T] [thread 9913] [27.0] [cxt 0] Bytes parsed: 14
[05:00:12.002] [bmv2] [D] [thread 9913] [27.0] [cxt 0] Parser 'parser': end
[05:00:12.002] [bmv2] [D] [thread 9913] [27.0] [cxt 0] Pipeline 'ingress': start
[05:00:12.002] [bmv2] [T] [thread 9913] [27.0] [cxt 0] source_routing.p4(126) Condition "hdr.srcRoutes[0].isValid()" (node_2) is false
[05:00:12.002] [bmv2] [T] [thread 9913] [27.0] [cxt 0] Applying table 'tbl_drop'
[05:00:12.002] [bmv2] [D] [thread 9913] [27.0] [cxt 0] Looking up key:

[05:00:12.002] [bmv2] [D] [thread 9913] [27.0] [cxt 0] Table 'tbl_drop': miss
[05:00:12.002] [bmv2] [D] [thread 9913] [27.0] [cxt 0] Action entry is MyIngress.drop - 
[05:00:12.002] [bmv2] [T] [thread 9913] [27.0] [cxt 0] Action MyIngress.drop
[05:00:12.002] [bmv2] [T] [thread 9913] [27.0] [cxt 0] source_routing.p4(109) Primitive mark_to_drop()
[05:00:12.002] [bmv2] [D] [thread 9913] [27.0] [cxt 0] Pipeline 'ingress': end
[05:00:12.002] [bmv2] [D] [thread 9913] [27.0] [cxt 0] Egress port is 511
[05:00:12.002] [bmv2] [D] [thread 9913] [27.0] [cxt 0] Dropping packet at the end of ingress
[05:00:12.156] [bmv2] [D] [thread 9913] [28.0] [cxt 0] Processing packet received on port 2
[05:00:12.156] [bmv2] [D] [thread 9913] [28.0] [cxt 0] Parser 'parser': start
[05:00:12.156] [bmv2] [D] [thread 9913] [28.0] [cxt 0] Parser 'parser' entering state 'start'
[05:00:12.156] [bmv2] [D] [thread 9913] [28.0] [cxt 0] Extracting header 'ethernet'
[05:00:12.156] [bmv2] [D] [thread 9913] [28.0] [cxt 0] Parser state 'start': key is 86dd
[05:00:12.156] [bmv2] [T] [thread 9913] [28.0] [cxt 0] Bytes parsed: 14
[05:00:12.156] [bmv2] [D] [thread 9913] [28.0] [cxt 0] Parser 'parser': end
[05:00:12.156] [bmv2] [D] [thread 9913] [28.0] [cxt 0] Pipeline 'ingress': start
[05:00:12.156] [bmv2] [T] [thread 9913] [28.0] [cxt 0] source_routing.p4(126) Condition "hdr.srcRoutes[0].isValid()" (node_2) is false
[05:00:12.156] [bmv2] [T] [thread 9913] [28.0] [cxt 0] Applying table 'tbl_drop'
[05:00:12.156] [bmv2] [D] [thread 9913] [28.0] [cxt 0] Looking up key:

[05:00:12.156] [bmv2] [D] [thread 9913] [28.0] [cxt 0] Table 'tbl_drop': miss
[05:00:12.156] [bmv2] [D] [thread 9913] [28.0] [cxt 0] Action entry is MyIngress.drop - 
[05:00:12.156] [bmv2] [T] [thread 9913] [28.0] [cxt 0] Action MyIngress.drop
[05:00:12.156] [bmv2] [T] [thread 9913] [28.0] [cxt 0] source_routing.p4(109) Primitive mark_to_drop()
[05:00:12.156] [bmv2] [D] [thread 9913] [28.0] [cxt 0] Pipeline 'ingress': end
[05:00:12.156] [bmv2] [D] [thread 9913] [28.0] [cxt 0] Egress port is 511
[05:00:12.156] [bmv2] [D] [thread 9913] [28.0] [cxt 0] Dropping packet at the end of ingress
[05:00:12.182] [bmv2] [D] [thread 9913] [29.0] [cxt 0] Processing packet received on port 3
[05:00:12.182] [bmv2] [D] [thread 9913] [29.0] [cxt 0] Parser 'parser': start
[05:00:12.182] [bmv2] [D] [thread 9913] [29.0] [cxt 0] Parser 'parser' entering state 'start'
[05:00:12.182] [bmv2] [D] [thread 9913] [29.0] [cxt 0] Extracting header 'ethernet'
[05:00:12.182] [bmv2] [D] [thread 9913] [29.0] [cxt 0] Parser state 'start': key is 86dd
[05:00:12.182] [bmv2] [T] [thread 9913] [29.0] [cxt 0] Bytes parsed: 14
[05:00:12.182] [bmv2] [D] [thread 9913] [29.0] [cxt 0] Parser 'parser': end
[05:00:12.182] [bmv2] [D] [thread 9913] [29.0] [cxt 0] Pipeline 'ingress': start
[05:00:12.182] [bmv2] [T] [thread 9913] [29.0] [cxt 0] source_routing.p4(126) Condition "hdr.srcRoutes[0].isValid()" (node_2) is false
[05:00:12.182] [bmv2] [T] [thread 9913] [29.0] [cxt 0] Applying table 'tbl_drop'
[05:00:12.182] [bmv2] [D] [thread 9913] [29.0] [cxt 0] Looking up key:

[05:00:12.182] [bmv2] [D] [thread 9913] [29.0] [cxt 0] Table 'tbl_drop': miss
[05:00:12.182] [bmv2] [D] [thread 9913] [29.0] [cxt 0] Action entry is MyIngress.drop - 
[05:00:12.182] [bmv2] [T] [thread 9913] [29.0] [cxt 0] Action MyIngress.drop
[05:00:12.182] [bmv2] [T] [thread 9913] [29.0] [cxt 0] source_routing.p4(109) Primitive mark_to_drop()
[05:00:12.182] [bmv2] [D] [thread 9913] [29.0] [cxt 0] Pipeline 'ingress': end
[05:00:12.182] [bmv2] [D] [thread 9913] [29.0] [cxt 0] Egress port is 511
[05:00:12.182] [bmv2] [D] [thread 9913] [29.0] [cxt 0] Dropping packet at the end of ingress
[05:00:12.210] [bmv2] [D] [thread 9913] [30.0] [cxt 0] Processing packet received on port 1
[05:00:12.210] [bmv2] [D] [thread 9913] [30.0] [cxt 0] Parser 'parser': start
[05:00:12.210] [bmv2] [D] [thread 9913] [30.0] [cxt 0] Parser 'parser' entering state 'start'
[05:00:12.210] [bmv2] [D] [thread 9913] [30.0] [cxt 0] Extracting header 'ethernet'
[05:00:12.210] [bmv2] [D] [thread 9913] [30.0] [cxt 0] Parser state 'start': key is 86dd
[05:00:12.210] [bmv2] [T] [thread 9913] [30.0] [cxt 0] Bytes parsed: 14
[05:00:12.210] [bmv2] [D] [thread 9913] [30.0] [cxt 0] Parser 'parser': end
[05:00:12.210] [bmv2] [D] [thread 9913] [30.0] [cxt 0] Pipeline 'ingress': start
[05:00:12.210] [bmv2] [T] [thread 9913] [30.0] [cxt 0] source_routing.p4(126) Condition "hdr.srcRoutes[0].isValid()" (node_2) is false
[05:00:12.210] [bmv2] [T] [thread 9913] [30.0] [cxt 0] Applying table 'tbl_drop'
[05:00:12.210] [bmv2] [D] [thread 9913] [30.0] [cxt 0] Looking up key:

[05:00:12.210] [bmv2] [D] [thread 9913] [30.0] [cxt 0] Table 'tbl_drop': miss
[05:00:12.210] [bmv2] [D] [thread 9913] [30.0] [cxt 0] Action entry is MyIngress.drop - 
[05:00:12.210] [bmv2] [T] [thread 9913] [30.0] [cxt 0] Action MyIngress.drop
[05:00:12.210] [bmv2] [T] [thread 9913] [30.0] [cxt 0] source_routing.p4(109) Primitive mark_to_drop()
[05:00:12.210] [bmv2] [D] [thread 9913] [30.0] [cxt 0] Pipeline 'ingress': end
[05:00:12.210] [bmv2] [D] [thread 9913] [30.0] [cxt 0] Egress port is 511
[05:00:12.210] [bmv2] [D] [thread 9913] [30.0] [cxt 0] Dropping packet at the end of ingress
[05:00:12.463] [bmv2] [D] [thread 9913] [31.0] [cxt 0] Processing packet received on port 3
[05:00:12.463] [bmv2] [D] [thread 9913] [31.0] [cxt 0] Parser 'parser': start
[05:00:12.463] [bmv2] [D] [thread 9913] [31.0] [cxt 0] Parser 'parser' entering state 'start'
[05:00:12.463] [bmv2] [D] [thread 9913] [31.0] [cxt 0] Extracting header 'ethernet'
[05:00:12.463] [bmv2] [D] [thread 9913] [31.0] [cxt 0] Parser state 'start': key is 86dd
[05:00:12.463] [bmv2] [T] [thread 9913] [31.0] [cxt 0] Bytes parsed: 14
[05:00:12.463] [bmv2] [D] [thread 9913] [31.0] [cxt 0] Parser 'parser': end
[05:00:12.463] [bmv2] [D] [thread 9913] [31.0] [cxt 0] Pipeline 'ingress': start
[05:00:12.463] [bmv2] [T] [thread 9913] [31.0] [cxt 0] source_routing.p4(126) Condition "hdr.srcRoutes[0].isValid()" (node_2) is false
[05:00:12.463] [bmv2] [T] [thread 9913] [31.0] [cxt 0] Applying table 'tbl_drop'
[05:00:12.463] [bmv2] [D] [thread 9913] [31.0] [cxt 0] Looking up key:

[05:00:12.463] [bmv2] [D] [thread 9913] [31.0] [cxt 0] Table 'tbl_drop': miss
[05:00:12.463] [bmv2] [D] [thread 9913] [31.0] [cxt 0] Action entry is MyIngress.drop - 
[05:00:12.463] [bmv2] [T] [thread 9913] [31.0] [cxt 0] Action MyIngress.drop
[05:00:12.463] [bmv2] [T] [thread 9913] [31.0] [cxt 0] source_routing.p4(109) Primitive mark_to_drop()
[05:00:12.463] [bmv2] [D] [thread 9913] [31.0] [cxt 0] Pipeline 'ingress': end
[05:00:12.463] [bmv2] [D] [thread 9913] [31.0] [cxt 0] Egress port is 511
[05:00:12.463] [bmv2] [D] [thread 9913] [31.0] [cxt 0] Dropping packet at the end of ingress
[05:00:12.478] [bmv2] [D] [thread 9913] [32.0] [cxt 0] Processing packet received on port 2
[05:00:12.478] [bmv2] [D] [thread 9913] [32.0] [cxt 0] Parser 'parser': start
[05:00:12.478] [bmv2] [D] [thread 9913] [32.0] [cxt 0] Parser 'parser' entering state 'start'
[05:00:12.478] [bmv2] [D] [thread 9913] [32.0] [cxt 0] Extracting header 'ethernet'
[05:00:12.478] [bmv2] [D] [thread 9913] [32.0] [cxt 0] Parser state 'start': key is 86dd
[05:00:12.478] [bmv2] [T] [thread 9913] [32.0] [cxt 0] Bytes parsed: 14
[05:00:12.478] [bmv2] [D] [thread 9913] [32.0] [cxt 0] Parser 'parser': end
[05:00:12.478] [bmv2] [D] [thread 9913] [32.0] [cxt 0] Pipeline 'ingress': start
[05:00:12.478] [bmv2] [T] [thread 9913] [32.0] [cxt 0] source_routing.p4(126) Condition "hdr.srcRoutes[0].isValid()" (node_2) is false
[05:00:12.478] [bmv2] [T] [thread 9913] [32.0] [cxt 0] Applying table 'tbl_drop'
[05:00:12.478] [bmv2] [D] [thread 9913] [32.0] [cxt 0] Looking up key:

[05:00:12.478] [bmv2] [D] [thread 9913] [32.0] [cxt 0] Table 'tbl_drop': miss
[05:00:12.478] [bmv2] [D] [thread 9913] [32.0] [cxt 0] Action entry is MyIngress.drop - 
[05:00:12.478] [bmv2] [T] [thread 9913] [32.0] [cxt 0] Action MyIngress.drop
[05:00:12.478] [bmv2] [T] [thread 9913] [32.0] [cxt 0] source_routing.p4(109) Primitive mark_to_drop()
[05:00:12.478] [bmv2] [D] [thread 9913] [32.0] [cxt 0] Pipeline 'ingress': end
[05:00:12.478] [bmv2] [D] [thread 9913] [32.0] [cxt 0] Egress port is 511
[05:00:12.478] [bmv2] [D] [thread 9913] [32.0] [cxt 0] Dropping packet at the end of ingress
[05:00:12.755] [bmv2] [D] [thread 9913] [33.0] [cxt 0] Processing packet received on port 2
[05:00:12.755] [bmv2] [D] [thread 9913] [33.0] [cxt 0] Parser 'parser': start
[05:00:12.755] [bmv2] [D] [thread 9913] [33.0] [cxt 0] Parser 'parser' entering state 'start'
[05:00:12.755] [bmv2] [D] [thread 9913] [33.0] [cxt 0] Extracting header 'ethernet'
[05:00:12.755] [bmv2] [D] [thread 9913] [33.0] [cxt 0] Parser state 'start': key is 86dd
[05:00:12.755] [bmv2] [T] [thread 9913] [33.0] [cxt 0] Bytes parsed: 14
[05:00:12.755] [bmv2] [D] [thread 9913] [33.0] [cxt 0] Parser 'parser': end
[05:00:12.755] [bmv2] [D] [thread 9913] [33.0] [cxt 0] Pipeline 'ingress': start
[05:00:12.755] [bmv2] [T] [thread 9913] [33.0] [cxt 0] source_routing.p4(126) Condition "hdr.srcRoutes[0].isValid()" (node_2) is false
[05:00:12.755] [bmv2] [T] [thread 9913] [33.0] [cxt 0] Applying table 'tbl_drop'
[05:00:12.755] [bmv2] [D] [thread 9913] [33.0] [cxt 0] Looking up key:

[05:00:12.755] [bmv2] [D] [thread 9913] [33.0] [cxt 0] Table 'tbl_drop': miss
[05:00:12.755] [bmv2] [D] [thread 9913] [33.0] [cxt 0] Action entry is MyIngress.drop - 
[05:00:12.755] [bmv2] [T] [thread 9913] [33.0] [cxt 0] Action MyIngress.drop
[05:00:12.755] [bmv2] [T] [thread 9913] [33.0] [cxt 0] source_routing.p4(109) Primitive mark_to_drop()
[05:00:12.755] [bmv2] [D] [thread 9913] [33.0] [cxt 0] Pipeline 'ingress': end
[05:00:12.755] [bmv2] [D] [thread 9913] [33.0] [cxt 0] Egress port is 511
[05:00:12.755] [bmv2] [D] [thread 9913] [33.0] [cxt 0] Dropping packet at the end of ingress
[05:00:15.734] [bmv2] [D] [thread 9913] [34.0] [cxt 0] Processing packet received on port 3
[05:00:15.734] [bmv2] [D] [thread 9913] [34.0] [cxt 0] Parser 'parser': start
[05:00:15.734] [bmv2] [D] [thread 9913] [34.0] [cxt 0] Parser 'parser' entering state 'start'
[05:00:15.734] [bmv2] [D] [thread 9913] [34.0] [cxt 0] Extracting header 'ethernet'
[05:00:15.734] [bmv2] [D] [thread 9913] [34.0] [cxt 0] Parser state 'start': key is 86dd
[05:00:15.734] [bmv2] [T] [thread 9913] [34.0] [cxt 0] Bytes parsed: 14
[05:00:15.734] [bmv2] [D] [thread 9913] [34.0] [cxt 0] Parser 'parser': end
[05:00:15.734] [bmv2] [D] [thread 9913] [34.0] [cxt 0] Pipeline 'ingress': start
[05:00:15.734] [bmv2] [T] [thread 9913] [34.0] [cxt 0] source_routing.p4(126) Condition "hdr.srcRoutes[0].isValid()" (node_2) is false
[05:00:15.734] [bmv2] [T] [thread 9913] [34.0] [cxt 0] Applying table 'tbl_drop'
[05:00:15.734] [bmv2] [D] [thread 9913] [34.0] [cxt 0] Looking up key:

[05:00:15.734] [bmv2] [D] [thread 9913] [34.0] [cxt 0] Table 'tbl_drop': miss
[05:00:15.734] [bmv2] [D] [thread 9913] [34.0] [cxt 0] Action entry is MyIngress.drop - 
[05:00:15.734] [bmv2] [T] [thread 9913] [34.0] [cxt 0] Action MyIngress.drop
[05:00:15.734] [bmv2] [T] [thread 9913] [34.0] [cxt 0] source_routing.p4(109) Primitive mark_to_drop()
[05:00:15.734] [bmv2] [D] [thread 9913] [34.0] [cxt 0] Pipeline 'ingress': end
[05:00:15.734] [bmv2] [D] [thread 9913] [34.0] [cxt 0] Egress port is 511
[05:00:15.734] [bmv2] [D] [thread 9913] [34.0] [cxt 0] Dropping packet at the end of ingress
[05:00:15.894] [bmv2] [D] [thread 9913] [35.0] [cxt 0] Processing packet received on port 2
[05:00:15.894] [bmv2] [D] [thread 9913] [35.0] [cxt 0] Parser 'parser': start
[05:00:15.894] [bmv2] [D] [thread 9913] [35.0] [cxt 0] Parser 'parser' entering state 'start'
[05:00:15.894] [bmv2] [D] [thread 9913] [35.0] [cxt 0] Extracting header 'ethernet'
[05:00:15.894] [bmv2] [D] [thread 9913] [35.0] [cxt 0] Parser state 'start': key is 86dd
[05:00:15.894] [bmv2] [T] [thread 9913] [35.0] [cxt 0] Bytes parsed: 14
[05:00:15.894] [bmv2] [D] [thread 9913] [35.0] [cxt 0] Parser 'parser': end
[05:00:15.894] [bmv2] [D] [thread 9913] [35.0] [cxt 0] Pipeline 'ingress': start
[05:00:15.894] [bmv2] [T] [thread 9913] [35.0] [cxt 0] source_routing.p4(126) Condition "hdr.srcRoutes[0].isValid()" (node_2) is false
[05:00:15.894] [bmv2] [T] [thread 9913] [35.0] [cxt 0] Applying table 'tbl_drop'
[05:00:15.894] [bmv2] [D] [thread 9913] [35.0] [cxt 0] Looking up key:

[05:00:15.894] [bmv2] [D] [thread 9913] [35.0] [cxt 0] Table 'tbl_drop': miss
[05:00:15.894] [bmv2] [D] [thread 9913] [35.0] [cxt 0] Action entry is MyIngress.drop - 
[05:00:15.894] [bmv2] [T] [thread 9913] [35.0] [cxt 0] Action MyIngress.drop
[05:00:15.894] [bmv2] [T] [thread 9913] [35.0] [cxt 0] source_routing.p4(109) Primitive mark_to_drop()
[05:00:15.894] [bmv2] [D] [thread 9913] [35.0] [cxt 0] Pipeline 'ingress': end
[05:00:15.894] [bmv2] [D] [thread 9913] [35.0] [cxt 0] Egress port is 511
[05:00:15.894] [bmv2] [D] [thread 9913] [35.0] [cxt 0] Dropping packet at the end of ingress
[05:00:15.935] [bmv2] [D] [thread 9913] [36.0] [cxt 0] Processing packet received on port 1
[05:00:15.935] [bmv2] [D] [thread 9913] [36.0] [cxt 0] Parser 'parser': start
[05:00:15.935] [bmv2] [D] [thread 9913] [36.0] [cxt 0] Parser 'parser' entering state 'start'
[05:00:15.935] [bmv2] [D] [thread 9913] [36.0] [cxt 0] Extracting header 'ethernet'
[05:00:15.935] [bmv2] [D] [thread 9913] [36.0] [cxt 0] Parser state 'start': key is 86dd
[05:00:15.935] [bmv2] [T] [thread 9913] [36.0] [cxt 0] Bytes parsed: 14
[05:00:15.935] [bmv2] [D] [thread 9913] [36.0] [cxt 0] Parser 'parser': end
[05:00:15.935] [bmv2] [D] [thread 9913] [36.0] [cxt 0] Pipeline 'ingress': start
[05:00:15.935] [bmv2] [T] [thread 9913] [36.0] [cxt 0] source_routing.p4(126) Condition "hdr.srcRoutes[0].isValid()" (node_2) is false
[05:00:15.935] [bmv2] [T] [thread 9913] [36.0] [cxt 0] Applying table 'tbl_drop'
[05:00:15.935] [bmv2] [D] [thread 9913] [36.0] [cxt 0] Looking up key:

[05:00:15.935] [bmv2] [D] [thread 9913] [36.0] [cxt 0] Table 'tbl_drop': miss
[05:00:15.935] [bmv2] [D] [thread 9913] [36.0] [cxt 0] Action entry is MyIngress.drop - 
[05:00:15.935] [bmv2] [T] [thread 9913] [36.0] [cxt 0] Action MyIngress.drop
[05:00:15.935] [bmv2] [T] [thread 9913] [36.0] [cxt 0] source_routing.p4(109) Primitive mark_to_drop()
[05:00:15.935] [bmv2] [D] [thread 9913] [36.0] [cxt 0] Pipeline 'ingress': end
[05:00:15.935] [bmv2] [D] [thread 9913] [36.0] [cxt 0] Egress port is 511
[05:00:15.935] [bmv2] [D] [thread 9913] [36.0] [cxt 0] Dropping packet at the end of ingress
[05:00:16.191] [bmv2] [D] [thread 9913] [37.0] [cxt 0] Processing packet received on port 3
[05:00:16.191] [bmv2] [D] [thread 9913] [37.0] [cxt 0] Parser 'parser': start
[05:00:16.191] [bmv2] [D] [thread 9913] [37.0] [cxt 0] Parser 'parser' entering state 'start'
[05:00:16.191] [bmv2] [D] [thread 9913] [37.0] [cxt 0] Extracting header 'ethernet'
[05:00:16.191] [bmv2] [D] [thread 9913] [37.0] [cxt 0] Parser state 'start': key is 86dd
[05:00:16.191] [bmv2] [T] [thread 9913] [37.0] [cxt 0] Bytes parsed: 14
[05:00:16.191] [bmv2] [D] [thread 9913] [37.0] [cxt 0] Parser 'parser': end
[05:00:16.191] [bmv2] [D] [thread 9913] [37.0] [cxt 0] Pipeline 'ingress': start
[05:00:16.191] [bmv2] [T] [thread 9913] [37.0] [cxt 0] source_routing.p4(126) Condition "hdr.srcRoutes[0].isValid()" (node_2) is false
[05:00:16.191] [bmv2] [T] [thread 9913] [37.0] [cxt 0] Applying table 'tbl_drop'
[05:00:16.191] [bmv2] [D] [thread 9913] [37.0] [cxt 0] Looking up key:

[05:00:16.191] [bmv2] [D] [thread 9913] [37.0] [cxt 0] Table 'tbl_drop': miss
[05:00:16.191] [bmv2] [D] [thread 9913] [37.0] [cxt 0] Action entry is MyIngress.drop - 
[05:00:16.191] [bmv2] [T] [thread 9913] [37.0] [cxt 0] Action MyIngress.drop
[05:00:16.191] [bmv2] [T] [thread 9913] [37.0] [cxt 0] source_routing.p4(109) Primitive mark_to_drop()
[05:00:16.191] [bmv2] [D] [thread 9913] [37.0] [cxt 0] Pipeline 'ingress': end
[05:00:16.191] [bmv2] [D] [thread 9913] [37.0] [cxt 0] Egress port is 511
[05:00:16.191] [bmv2] [D] [thread 9913] [37.0] [cxt 0] Dropping packet at the end of ingress
[05:00:16.485] [bmv2] [D] [thread 9913] [38.0] [cxt 0] Processing packet received on port 2
[05:00:16.486] [bmv2] [D] [thread 9913] [38.0] [cxt 0] Parser 'parser': start
[05:00:16.486] [bmv2] [D] [thread 9913] [38.0] [cxt 0] Parser 'parser' entering state 'start'
[05:00:16.486] [bmv2] [D] [thread 9913] [38.0] [cxt 0] Extracting header 'ethernet'
[05:00:16.486] [bmv2] [D] [thread 9913] [38.0] [cxt 0] Parser state 'start': key is 86dd
[05:00:16.486] [bmv2] [T] [thread 9913] [38.0] [cxt 0] Bytes parsed: 14
[05:00:16.486] [bmv2] [D] [thread 9913] [38.0] [cxt 0] Parser 'parser': end
[05:00:16.486] [bmv2] [D] [thread 9913] [38.0] [cxt 0] Pipeline 'ingress': start
[05:00:16.486] [bmv2] [T] [thread 9913] [38.0] [cxt 0] source_routing.p4(126) Condition "hdr.srcRoutes[0].isValid()" (node_2) is false
[05:00:16.486] [bmv2] [T] [thread 9913] [38.0] [cxt 0] Applying table 'tbl_drop'
[05:00:16.486] [bmv2] [D] [thread 9913] [38.0] [cxt 0] Looking up key:

[05:00:16.486] [bmv2] [D] [thread 9913] [38.0] [cxt 0] Table 'tbl_drop': miss
[05:00:16.486] [bmv2] [D] [thread 9913] [38.0] [cxt 0] Action entry is MyIngress.drop - 
[05:00:16.486] [bmv2] [T] [thread 9913] [38.0] [cxt 0] Action MyIngress.drop
[05:00:16.486] [bmv2] [T] [thread 9913] [38.0] [cxt 0] source_routing.p4(109) Primitive mark_to_drop()
[05:00:16.486] [bmv2] [D] [thread 9913] [38.0] [cxt 0] Pipeline 'ingress': end
[05:00:16.486] [bmv2] [D] [thread 9913] [38.0] [cxt 0] Egress port is 511
[05:00:16.486] [bmv2] [D] [thread 9913] [38.0] [cxt 0] Dropping packet at the end of ingress
[05:03:03.621] [bmv2] [D] [thread 9913] [39.0] [cxt 0] Processing packet received on port 1
[05:03:03.621] [bmv2] [D] [thread 9913] [39.0] [cxt 0] Parser 'parser': start
[05:03:03.621] [bmv2] [D] [thread 9913] [39.0] [cxt 0] Parser 'parser' entering state 'start'
[05:03:03.621] [bmv2] [D] [thread 9913] [39.0] [cxt 0] Extracting header 'ethernet'
[05:03:03.621] [bmv2] [D] [thread 9913] [39.0] [cxt 0] Parser state 'start': key is 0800
[05:03:03.621] [bmv2] [T] [thread 9913] [39.0] [cxt 0] Bytes parsed: 14
[05:03:03.621] [bmv2] [D] [thread 9913] [39.0] [cxt 0] Parser 'parser': end
[05:03:03.621] [bmv2] [D] [thread 9913] [39.0] [cxt 0] Pipeline 'ingress': start
[05:03:03.621] [bmv2] [T] [thread 9913] [39.0] [cxt 0] source_routing.p4(126) Condition "hdr.srcRoutes[0].isValid()" (node_2) is false
[05:03:03.621] [bmv2] [T] [thread 9913] [39.0] [cxt 0] Applying table 'tbl_drop'
[05:03:03.621] [bmv2] [D] [thread 9913] [39.0] [cxt 0] Looking up key:

[05:03:03.621] [bmv2] [D] [thread 9913] [39.0] [cxt 0] Table 'tbl_drop': miss
[05:03:03.621] [bmv2] [D] [thread 9913] [39.0] [cxt 0] Action entry is MyIngress.drop - 
[05:03:03.621] [bmv2] [T] [thread 9913] [39.0] [cxt 0] Action MyIngress.drop
[05:03:03.621] [bmv2] [T] [thread 9913] [39.0] [cxt 0] source_routing.p4(109) Primitive mark_to_drop()
[05:03:03.621] [bmv2] [D] [thread 9913] [39.0] [cxt 0] Pipeline 'ingress': end
[05:03:03.621] [bmv2] [D] [thread 9913] [39.0] [cxt 0] Egress port is 511
[05:03:03.621] [bmv2] [D] [thread 9913] [39.0] [cxt 0] Dropping packet at the end of ingress
open: No such file or directory
