Calling target program-options parser
Adding interface s4-eth1 as port 1
[05:00:08.406] [bmv2] [D] [thread 9842] Adding interface s4-eth1 as port 1
Adding interface s4-eth2 as port 2
[05:00:08.438] [bmv2] [D] [thread 9842] Adding interface s4-eth2 as port 2
Adding interface s4-eth3 as port 3
[05:00:08.452] [bmv2] [D] [thread 9842] Adding interface s4-eth3 as port 3
I0201 05:00:08.480606028    9842 server_builder.cc:247]      Synchronous server. Num CQs: 1, Min pollers: 1, Max Pollers: 2147483647, CQ timeout (msec): 1000
Server listening on 0.0.0.0:50054
Thrift server was started
New connection
P4Runtime SetForwardingPipelineConfig
[05:00:10.042] [bmv2] [D] [thread 9921] Set default default entry for table 'tbl_srcRoute_finish': MyIngress.srcRoute_finish - 
[05:00:10.042] [bmv2] [D] [thread 9921] Set default default entry for table 'tbl_srcRoute_nhop': MyIngress.srcRoute_nhop - 
[05:00:10.042] [bmv2] [D] [thread 9921] Set default default entry for table 'tbl_update_ttl': MyIngress.update_ttl - 
[05:00:10.042] [bmv2] [D] [thread 9921] Set default default entry for table 'tbl_drop': MyIngress.drop - 
Connection removed
[05:00:10.044] [bmv2] [D] [thread 9926] [0.0] [cxt 0] Processing packet received on port 1
[05:00:10.044] [bmv2] [D] [thread 9926] [0.0] [cxt 0] Parser 'parser': start
[05:00:10.044] [bmv2] [D] [thread 9926] [0.0] [cxt 0] Parser 'parser' entering state 'start'
[05:00:10.044] [bmv2] [D] [thread 9926] [0.0] [cxt 0] Extracting header 'ethernet'
[05:00:10.044] [bmv2] [D] [thread 9926] [0.0] [cxt 0] Parser state 'start': key is 86dd
[05:00:10.044] [bmv2] [T] [thread 9926] [0.0] [cxt 0] Bytes parsed: 14
[05:00:10.044] [bmv2] [D] [thread 9926] [0.0] [cxt 0] Parser 'parser': end
[05:00:10.044] [bmv2] [D] [thread 9926] [0.0] [cxt 0] Pipeline 'ingress': start
[05:00:10.044] [bmv2] [T] [thread 9926] [0.0] [cxt 0] source_routing.p4(126) Condition "hdr.srcRoutes[0].isValid()" (node_2) is false
[05:00:10.044] [bmv2] [T] [thread 9926] [0.0] [cxt 0] Applying table 'tbl_drop'
[05:00:10.044] [bmv2] [D] [thread 9926] [0.0] [cxt 0] Looking up key:

[05:00:10.044] [bmv2] [D] [thread 9926] [0.0] [cxt 0] Table 'tbl_drop': miss
[05:00:10.044] [bmv2] [D] [thread 9926] [0.0] [cxt 0] Action entry is MyIngress.drop - 
[05:00:10.044] [bmv2] [T] [thread 9926] [0.0] [cxt 0] Action MyIngress.drop
[05:00:10.044] [bmv2] [T] [thread 9926] [0.0] [cxt 0] source_routing.p4(109) Primitive mark_to_drop()
[05:00:10.044] [bmv2] [D] [thread 9926] [0.0] [cxt 0] Pipeline 'ingress': end
[05:00:10.044] [bmv2] [D] [thread 9926] [0.0] [cxt 0] Egress port is 511
[05:00:10.044] [bmv2] [D] [thread 9926] [0.0] [cxt 0] Dropping packet at the end of ingress
[05:00:10.044] [bmv2] [D] [thread 9926] [1.0] [cxt 0] Processing packet received on port 2
[05:00:10.044] [bmv2] [D] [thread 9926] [1.0] [cxt 0] Parser 'parser': start
[05:00:10.044] [bmv2] [D] [thread 9926] [1.0] [cxt 0] Parser 'parser' entering state 'start'
[05:00:10.044] [bmv2] [D] [thread 9926] [1.0] [cxt 0] Extracting header 'ethernet'
[05:00:10.044] [bmv2] [D] [thread 9926] [1.0] [cxt 0] Parser state 'start': key is 86dd
[05:00:10.044] [bmv2] [T] [thread 9926] [1.0] [cxt 0] Bytes parsed: 14
[05:00:10.044] [bmv2] [D] [thread 9926] [1.0] [cxt 0] Parser 'parser': end
[05:00:10.044] [bmv2] [D] [thread 9926] [1.0] [cxt 0] Pipeline 'ingress': start
[05:00:10.044] [bmv2] [T] [thread 9926] [1.0] [cxt 0] source_routing.p4(126) Condition "hdr.srcRoutes[0].isValid()" (node_2) is false
[05:00:10.044] [bmv2] [T] [thread 9926] [1.0] [cxt 0] Applying table 'tbl_drop'
[05:00:10.044] [bmv2] [D] [thread 9926] [1.0] [cxt 0] Looking up key:

[05:00:10.044] [bmv2] [D] [thread 9926] [1.0] [cxt 0] Table 'tbl_drop': miss
[05:00:10.044] [bmv2] [D] [thread 9926] [1.0] [cxt 0] Action entry is MyIngress.drop - 
[05:00:10.044] [bmv2] [T] [thread 9926] [1.0] [cxt 0] Action MyIngress.drop
[05:00:10.044] [bmv2] [T] [thread 9926] [1.0] [cxt 0] source_routing.p4(109) Primitive mark_to_drop()
[05:00:10.044] [bmv2] [D] [thread 9926] [1.0] [cxt 0] Pipeline 'ingress': end
[05:00:10.044] [bmv2] [D] [thread 9926] [1.0] [cxt 0] Egress port is 511
[05:00:10.044] [bmv2] [D] [thread 9926] [1.0] [cxt 0] Dropping packet at the end of ingress
[05:00:10.044] [bmv2] [D] [thread 9926] [2.0] [cxt 0] Processing packet received on port 3
[05:00:10.044] [bmv2] [D] [thread 9926] [2.0] [cxt 0] Parser 'parser': start
[05:00:10.044] [bmv2] [D] [thread 9926] [2.0] [cxt 0] Parser 'parser' entering state 'start'
[05:00:10.044] [bmv2] [D] [thread 9926] [2.0] [cxt 0] Extracting header 'ethernet'
[05:00:10.044] [bmv2] [D] [thread 9926] [2.0] [cxt 0] Parser state 'start': key is 86dd
[05:00:10.044] [bmv2] [T] [thread 9926] [2.0] [cxt 0] Bytes parsed: 14
[05:00:10.044] [bmv2] [D] [thread 9926] [2.0] [cxt 0] Parser 'parser': end
[05:00:10.044] [bmv2] [D] [thread 9926] [2.0] [cxt 0] Pipeline 'ingress': start
[05:00:10.044] [bmv2] [T] [thread 9926] [2.0] [cxt 0] source_routing.p4(126) Condition "hdr.srcRoutes[0].isValid()" (node_2) is false
[05:00:10.044] [bmv2] [T] [thread 9926] [2.0] [cxt 0] Applying table 'tbl_drop'
[05:00:10.044] [bmv2] [D] [thread 9926] [2.0] [cxt 0] Looking up key:

[05:00:10.044] [bmv2] [D] [thread 9926] [2.0] [cxt 0] Table 'tbl_drop': miss
[05:00:10.044] [bmv2] [D] [thread 9926] [2.0] [cxt 0] Action entry is MyIngress.drop - 
[05:00:10.044] [bmv2] [T] [thread 9926] [2.0] [cxt 0] Action MyIngress.drop
[05:00:10.044] [bmv2] [T] [thread 9926] [2.0] [cxt 0] source_routing.p4(109) Primitive mark_to_drop()
[05:00:10.044] [bmv2] [D] [thread 9926] [2.0] [cxt 0] Pipeline 'ingress': end
[05:00:10.044] [bmv2] [D] [thread 9926] [2.0] [cxt 0] Egress port is 511
[05:00:10.044] [bmv2] [D] [thread 9926] [2.0] [cxt 0] Dropping packet at the end of ingress
[05:00:10.044] [bmv2] [D] [thread 9926] [3.0] [cxt 0] Processing packet received on port 1
[05:00:10.044] [bmv2] [D] [thread 9926] [3.0] [cxt 0] Parser 'parser': start
[05:00:10.044] [bmv2] [D] [thread 9926] [3.0] [cxt 0] Parser 'parser' entering state 'start'
[05:00:10.044] [bmv2] [D] [thread 9926] [3.0] [cxt 0] Extracting header 'ethernet'
[05:00:10.044] [bmv2] [D] [thread 9926] [3.0] [cxt 0] Parser state 'start': key is 86dd
[05:00:10.044] [bmv2] [T] [thread 9926] [3.0] [cxt 0] Bytes parsed: 14
[05:00:10.044] [bmv2] [D] [thread 9926] [3.0] [cxt 0] Parser 'parser': end
[05:00:10.044] [bmv2] [D] [thread 9926] [3.0] [cxt 0] Pipeline 'ingress': start
[05:00:10.044] [bmv2] [T] [thread 9926] [3.0] [cxt 0] source_routing.p4(126) Condition "hdr.srcRoutes[0].isValid()" (node_2) is false
[05:00:10.044] [bmv2] [T] [thread 9926] [3.0] [cxt 0] Applying table 'tbl_drop'
[05:00:10.044] [bmv2] [D] [thread 9926] [3.0] [cxt 0] Looking up key:

[05:00:10.044] [bmv2] [D] [thread 9926] [3.0] [cxt 0] Table 'tbl_drop': miss
[05:00:10.044] [bmv2] [D] [thread 9926] [3.0] [cxt 0] Action entry is MyIngress.drop - 
[05:00:10.044] [bmv2] [T] [thread 9926] [3.0] [cxt 0] Action MyIngress.drop
[05:00:10.044] [bmv2] [T] [thread 9926] [3.0] [cxt 0] source_routing.p4(109) Primitive mark_to_drop()
[05:00:10.044] [bmv2] [D] [thread 9926] [3.0] [cxt 0] Pipeline 'ingress': end
[05:00:10.044] [bmv2] [D] [thread 9926] [3.0] [cxt 0] Egress port is 511
[05:00:10.044] [bmv2] [D] [thread 9926] [3.0] [cxt 0] Dropping packet at the end of ingress
[05:00:10.044] [bmv2] [D] [thread 9926] [4.0] [cxt 0] Processing packet received on port 2
[05:00:10.044] [bmv2] [D] [thread 9926] [4.0] [cxt 0] Parser 'parser': start
[05:00:10.044] [bmv2] [D] [thread 9926] [4.0] [cxt 0] Parser 'parser' entering state 'start'
[05:00:10.044] [bmv2] [D] [thread 9926] [4.0] [cxt 0] Extracting header 'ethernet'
[05:00:10.044] [bmv2] [D] [thread 9926] [4.0] [cxt 0] Parser state 'start': key is 86dd
[05:00:10.044] [bmv2] [T] [thread 9926] [4.0] [cxt 0] Bytes parsed: 14
[05:00:10.044] [bmv2] [D] [thread 9926] [4.0] [cxt 0] Parser 'parser': end
[05:00:10.044] [bmv2] [D] [thread 9926] [4.0] [cxt 0] Pipeline 'ingress': start
[05:00:10.044] [bmv2] [T] [thread 9926] [4.0] [cxt 0] source_routing.p4(126) Condition "hdr.srcRoutes[0].isValid()" (node_2) is false
[05:00:10.044] [bmv2] [T] [thread 9926] [4.0] [cxt 0] Applying table 'tbl_drop'
[05:00:10.044] [bmv2] [D] [thread 9926] [4.0] [cxt 0] Looking up key:

[05:00:10.044] [bmv2] [D] [thread 9926] [4.0] [cxt 0] Table 'tbl_drop': miss
[05:00:10.044] [bmv2] [D] [thread 9926] [4.0] [cxt 0] Action entry is MyIngress.drop - 
[05:00:10.045] [bmv2] [T] [thread 9926] [4.0] [cxt 0] Action MyIngress.drop
[05:00:10.045] [bmv2] [T] [thread 9926] [4.0] [cxt 0] source_routing.p4(109) Primitive mark_to_drop()
[05:00:10.045] [bmv2] [D] [thread 9926] [4.0] [cxt 0] Pipeline 'ingress': end
[05:00:10.045] [bmv2] [D] [thread 9926] [4.0] [cxt 0] Egress port is 511
[05:00:10.045] [bmv2] [D] [thread 9926] [4.0] [cxt 0] Dropping packet at the end of ingress
[05:00:10.045] [bmv2] [D] [thread 9926] [5.0] [cxt 0] Processing packet received on port 3
[05:00:10.045] [bmv2] [D] [thread 9926] [5.0] [cxt 0] Parser 'parser': start
[05:00:10.045] [bmv2] [D] [thread 9926] [5.0] [cxt 0] Parser 'parser' entering state 'start'
[05:00:10.045] [bmv2] [D] [thread 9926] [5.0] [cxt 0] Extracting header 'ethernet'
[05:00:10.045] [bmv2] [D] [thread 9926] [5.0] [cxt 0] Parser state 'start': key is 86dd
[05:00:10.045] [bmv2] [T] [thread 9926] [5.0] [cxt 0] Bytes parsed: 14
[05:00:10.045] [bmv2] [D] [thread 9926] [5.0] [cxt 0] Parser 'parser': end
[05:00:10.045] [bmv2] [D] [thread 9926] [5.0] [cxt 0] Pipeline 'ingress': start
[05:00:10.045] [bmv2] [T] [thread 9926] [5.0] [cxt 0] source_routing.p4(126) Condition "hdr.srcRoutes[0].isValid()" (node_2) is false
[05:00:10.045] [bmv2] [T] [thread 9926] [5.0] [cxt 0] Applying table 'tbl_drop'
[05:00:10.045] [bmv2] [D] [thread 9926] [5.0] [cxt 0] Looking up key:

[05:00:10.045] [bmv2] [D] [thread 9926] [5.0] [cxt 0] Table 'tbl_drop': miss
[05:00:10.045] [bmv2] [D] [thread 9926] [5.0] [cxt 0] Action entry is MyIngress.drop - 
[05:00:10.045] [bmv2] [T] [thread 9926] [5.0] [cxt 0] Action MyIngress.drop
[05:00:10.045] [bmv2] [T] [thread 9926] [5.0] [cxt 0] source_routing.p4(109) Primitive mark_to_drop()
[05:00:10.045] [bmv2] [D] [thread 9926] [5.0] [cxt 0] Pipeline 'ingress': end
[05:00:10.045] [bmv2] [D] [thread 9926] [5.0] [cxt 0] Egress port is 511
[05:00:10.045] [bmv2] [D] [thread 9926] [5.0] [cxt 0] Dropping packet at the end of ingress
[05:00:10.045] [bmv2] [D] [thread 9926] [6.0] [cxt 0] Processing packet received on port 1
[05:00:10.045] [bmv2] [D] [thread 9926] [6.0] [cxt 0] Parser 'parser': start
[05:00:10.045] [bmv2] [D] [thread 9926] [6.0] [cxt 0] Parser 'parser' entering state 'start'
[05:00:10.045] [bmv2] [D] [thread 9926] [6.0] [cxt 0] Extracting header 'ethernet'
[05:00:10.045] [bmv2] [D] [thread 9926] [6.0] [cxt 0] Parser state 'start': key is 86dd
[05:00:10.045] [bmv2] [T] [thread 9926] [6.0] [cxt 0] Bytes parsed: 14
[05:00:10.045] [bmv2] [D] [thread 9926] [6.0] [cxt 0] Parser 'parser': end
[05:00:10.045] [bmv2] [D] [thread 9926] [6.0] [cxt 0] Pipeline 'ingress': start
[05:00:10.045] [bmv2] [T] [thread 9926] [6.0] [cxt 0] source_routing.p4(126) Condition "hdr.srcRoutes[0].isValid()" (node_2) is false
[05:00:10.045] [bmv2] [T] [thread 9926] [6.0] [cxt 0] Applying table 'tbl_drop'
[05:00:10.045] [bmv2] [D] [thread 9926] [6.0] [cxt 0] Looking up key:

[05:00:10.045] [bmv2] [D] [thread 9926] [6.0] [cxt 0] Table 'tbl_drop': miss
[05:00:10.045] [bmv2] [D] [thread 9926] [6.0] [cxt 0] Action entry is MyIngress.drop - 
[05:00:10.045] [bmv2] [T] [thread 9926] [6.0] [cxt 0] Action MyIngress.drop
[05:00:10.045] [bmv2] [T] [thread 9926] [6.0] [cxt 0] source_routing.p4(109) Primitive mark_to_drop()
[05:00:10.045] [bmv2] [D] [thread 9926] [6.0] [cxt 0] Pipeline 'ingress': end
[05:00:10.045] [bmv2] [D] [thread 9926] [6.0] [cxt 0] Egress port is 511
[05:00:10.045] [bmv2] [D] [thread 9926] [6.0] [cxt 0] Dropping packet at the end of ingress
[05:00:10.045] [bmv2] [D] [thread 9926] [7.0] [cxt 0] Processing packet received on port 2
[05:00:10.045] [bmv2] [D] [thread 9926] [7.0] [cxt 0] Parser 'parser': start
[05:00:10.045] [bmv2] [D] [thread 9926] [7.0] [cxt 0] Parser 'parser' entering state 'start'
[05:00:10.045] [bmv2] [D] [thread 9926] [7.0] [cxt 0] Extracting header 'ethernet'
[05:00:10.045] [bmv2] [D] [thread 9926] [7.0] [cxt 0] Parser state 'start': key is 86dd
[05:00:10.045] [bmv2] [T] [thread 9926] [7.0] [cxt 0] Bytes parsed: 14
[05:00:10.045] [bmv2] [D] [thread 9926] [7.0] [cxt 0] Parser 'parser': end
[05:00:10.045] [bmv2] [D] [thread 9926] [7.0] [cxt 0] Pipeline 'ingress': start
[05:00:10.045] [bmv2] [T] [thread 9926] [7.0] [cxt 0] source_routing.p4(126) Condition "hdr.srcRoutes[0].isValid()" (node_2) is false
[05:00:10.045] [bmv2] [T] [thread 9926] [7.0] [cxt 0] Applying table 'tbl_drop'
[05:00:10.045] [bmv2] [D] [thread 9926] [7.0] [cxt 0] Looking up key:

[05:00:10.045] [bmv2] [D] [thread 9926] [7.0] [cxt 0] Table 'tbl_drop': miss
[05:00:10.045] [bmv2] [D] [thread 9926] [7.0] [cxt 0] Action entry is MyIngress.drop - 
[05:00:10.045] [bmv2] [T] [thread 9926] [7.0] [cxt 0] Action MyIngress.drop
[05:00:10.045] [bmv2] [T] [thread 9926] [7.0] [cxt 0] source_routing.p4(109) Primitive mark_to_drop()
[05:00:10.045] [bmv2] [D] [thread 9926] [7.0] [cxt 0] Pipeline 'ingress': end
[05:00:10.045] [bmv2] [D] [thread 9926] [7.0] [cxt 0] Egress port is 511
[05:00:10.045] [bmv2] [D] [thread 9926] [7.0] [cxt 0] Dropping packet at the end of ingress
[05:00:10.045] [bmv2] [D] [thread 9926] [8.0] [cxt 0] Processing packet received on port 3
[05:00:10.045] [bmv2] [D] [thread 9926] [8.0] [cxt 0] Parser 'parser': start
[05:00:10.045] [bmv2] [D] [thread 9926] [8.0] [cxt 0] Parser 'parser' entering state 'start'
[05:00:10.045] [bmv2] [D] [thread 9926] [8.0] [cxt 0] Extracting header 'ethernet'
[05:00:10.045] [bmv2] [D] [thread 9926] [8.0] [cxt 0] Parser state 'start': key is 86dd
[05:00:10.045] [bmv2] [T] [thread 9926] [8.0] [cxt 0] Bytes parsed: 14
[05:00:10.045] [bmv2] [D] [thread 9926] [8.0] [cxt 0] Parser 'parser': end
[05:00:10.045] [bmv2] [D] [thread 9926] [8.0] [cxt 0] Pipeline 'ingress': start
[05:00:10.045] [bmv2] [T] [thread 9926] [8.0] [cxt 0] source_routing.p4(126) Condition "hdr.srcRoutes[0].isValid()" (node_2) is false
[05:00:10.045] [bmv2] [T] [thread 9926] [8.0] [cxt 0] Applying table 'tbl_drop'
[05:00:10.045] [bmv2] [D] [thread 9926] [8.0] [cxt 0] Looking up key:

[05:00:10.045] [bmv2] [D] [thread 9926] [8.0] [cxt 0] Table 'tbl_drop': miss
[05:00:10.045] [bmv2] [D] [thread 9926] [8.0] [cxt 0] Action entry is MyIngress.drop - 
[05:00:10.045] [bmv2] [T] [thread 9926] [8.0] [cxt 0] Action MyIngress.drop
[05:00:10.045] [bmv2] [T] [thread 9926] [8.0] [cxt 0] source_routing.p4(109) Primitive mark_to_drop()
[05:00:10.045] [bmv2] [D] [thread 9926] [8.0] [cxt 0] Pipeline 'ingress': end
[05:00:10.045] [bmv2] [D] [thread 9926] [8.0] [cxt 0] Egress port is 511
[05:00:10.045] [bmv2] [D] [thread 9926] [8.0] [cxt 0] Dropping packet at the end of ingress
[05:00:10.045] [bmv2] [D] [thread 9926] [9.0] [cxt 0] Processing packet received on port 1
[05:00:10.045] [bmv2] [D] [thread 9926] [9.0] [cxt 0] Parser 'parser': start
[05:00:10.045] [bmv2] [D] [thread 9926] [9.0] [cxt 0] Parser 'parser' entering state 'start'
[05:00:10.045] [bmv2] [D] [thread 9926] [9.0] [cxt 0] Extracting header 'ethernet'
[05:00:10.045] [bmv2] [D] [thread 9926] [9.0] [cxt 0] Parser state 'start': key is 86dd
[05:00:10.045] [bmv2] [T] [thread 9926] [9.0] [cxt 0] Bytes parsed: 14
[05:00:10.045] [bmv2] [D] [thread 9926] [9.0] [cxt 0] Parser 'parser': end
[05:00:10.045] [bmv2] [D] [thread 9926] [9.0] [cxt 0] Pipeline 'ingress': start
[05:00:10.045] [bmv2] [T] [thread 9926] [9.0] [cxt 0] source_routing.p4(126) Condition "hdr.srcRoutes[0].isValid()" (node_2) is false
[05:00:10.045] [bmv2] [T] [thread 9926] [9.0] [cxt 0] Applying table 'tbl_drop'
[05:00:10.045] [bmv2] [D] [thread 9926] [9.0] [cxt 0] Looking up key:

[05:00:10.045] [bmv2] [D] [thread 9926] [9.0] [cxt 0] Table 'tbl_drop': miss
[05:00:10.045] [bmv2] [D] [thread 9926] [9.0] [cxt 0] Action entry is MyIngress.drop - 
[05:00:10.045] [bmv2] [T] [thread 9926] [9.0] [cxt 0] Action MyIngress.drop
[05:00:10.045] [bmv2] [T] [thread 9926] [9.0] [cxt 0] source_routing.p4(109) Primitive mark_to_drop()
[05:00:10.045] [bmv2] [D] [thread 9926] [9.0] [cxt 0] Pipeline 'ingress': end
[05:00:10.045] [bmv2] [D] [thread 9926] [9.0] [cxt 0] Egress port is 511
[05:00:10.045] [bmv2] [D] [thread 9926] [9.0] [cxt 0] Dropping packet at the end of ingress
[05:00:10.045] [bmv2] [D] [thread 9926] [10.0] [cxt 0] Processing packet received on port 2
[05:00:10.045] [bmv2] [D] [thread 9926] [10.0] [cxt 0] Parser 'parser': start
[05:00:10.045] [bmv2] [D] [thread 9926] [10.0] [cxt 0] Parser 'parser' entering state 'start'
[05:00:10.045] [bmv2] [D] [thread 9926] [10.0] [cxt 0] Extracting header 'ethernet'
[05:00:10.045] [bmv2] [D] [thread 9926] [10.0] [cxt 0] Parser state 'start': key is 86dd
[05:00:10.045] [bmv2] [T] [thread 9926] [10.0] [cxt 0] Bytes parsed: 14
[05:00:10.045] [bmv2] [D] [thread 9926] [10.0] [cxt 0] Parser 'parser': end
[05:00:10.045] [bmv2] [D] [thread 9926] [10.0] [cxt 0] Pipeline 'ingress': start
[05:00:10.045] [bmv2] [T] [thread 9926] [10.0] [cxt 0] source_routing.p4(126) Condition "hdr.srcRoutes[0].isValid()" (node_2) is false
[05:00:10.045] [bmv2] [T] [thread 9926] [10.0] [cxt 0] Applying table 'tbl_drop'
[05:00:10.045] [bmv2] [D] [thread 9926] [10.0] [cxt 0] Looking up key:

[05:00:10.045] [bmv2] [D] [thread 9926] [10.0] [cxt 0] Table 'tbl_drop': miss
[05:00:10.045] [bmv2] [D] [thread 9926] [10.0] [cxt 0] Action entry is MyIngress.drop - 
[05:00:10.045] [bmv2] [T] [thread 9926] [10.0] [cxt 0] Action MyIngress.drop
[05:00:10.045] [bmv2] [T] [thread 9926] [10.0] [cxt 0] source_routing.p4(109) Primitive mark_to_drop()
[05:00:10.045] [bmv2] [D] [thread 9926] [10.0] [cxt 0] Pipeline 'ingress': end
[05:00:10.045] [bmv2] [D] [thread 9926] [10.0] [cxt 0] Egress port is 511
[05:00:10.045] [bmv2] [D] [thread 9926] [10.0] [cxt 0] Dropping packet at the end of ingress
[05:00:10.045] [bmv2] [D] [thread 9926] [11.0] [cxt 0] Processing packet received on port 3
[05:00:10.045] [bmv2] [D] [thread 9926] [11.0] [cxt 0] Parser 'parser': start
[05:00:10.045] [bmv2] [D] [thread 9926] [11.0] [cxt 0] Parser 'parser' entering state 'start'
[05:00:10.045] [bmv2] [D] [thread 9926] [11.0] [cxt 0] Extracting header 'ethernet'
[05:00:10.045] [bmv2] [D] [thread 9926] [11.0] [cxt 0] Parser state 'start': key is 86dd
[05:00:10.045] [bmv2] [T] [thread 9926] [11.0] [cxt 0] Bytes parsed: 14
[05:00:10.045] [bmv2] [D] [thread 9926] [11.0] [cxt 0] Parser 'parser': end
[05:00:10.045] [bmv2] [D] [thread 9926] [11.0] [cxt 0] Pipeline 'ingress': start
[05:00:10.045] [bmv2] [T] [thread 9926] [11.0] [cxt 0] source_routing.p4(126) Condition "hdr.srcRoutes[0].isValid()" (node_2) is false
[05:00:10.045] [bmv2] [T] [thread 9926] [11.0] [cxt 0] Applying table 'tbl_drop'
[05:00:10.045] [bmv2] [D] [thread 9926] [11.0] [cxt 0] Looking up key:

[05:00:10.045] [bmv2] [D] [thread 9926] [11.0] [cxt 0] Table 'tbl_drop': miss
[05:00:10.045] [bmv2] [D] [thread 9926] [11.0] [cxt 0] Action entry is MyIngress.drop - 
[05:00:10.045] [bmv2] [T] [thread 9926] [11.0] [cxt 0] Action MyIngress.drop
[05:00:10.045] [bmv2] [T] [thread 9926] [11.0] [cxt 0] source_routing.p4(109) Primitive mark_to_drop()
[05:00:10.046] [bmv2] [D] [thread 9926] [11.0] [cxt 0] Pipeline 'ingress': end
[05:00:10.046] [bmv2] [D] [thread 9926] [11.0] [cxt 0] Egress port is 511
[05:00:10.046] [bmv2] [D] [thread 9926] [11.0] [cxt 0] Dropping packet at the end of ingress
[05:00:10.046] [bmv2] [D] [thread 9926] [12.0] [cxt 0] Processing packet received on port 2
[05:00:10.046] [bmv2] [D] [thread 9926] [12.0] [cxt 0] Parser 'parser': start
[05:00:10.046] [bmv2] [D] [thread 9926] [12.0] [cxt 0] Parser 'parser' entering state 'start'
[05:00:10.046] [bmv2] [D] [thread 9926] [12.0] [cxt 0] Extracting header 'ethernet'
[05:00:10.046] [bmv2] [D] [thread 9926] [12.0] [cxt 0] Parser state 'start': key is 86dd
[05:00:10.046] [bmv2] [T] [thread 9926] [12.0] [cxt 0] Bytes parsed: 14
[05:00:10.046] [bmv2] [D] [thread 9926] [12.0] [cxt 0] Parser 'parser': end
[05:00:10.046] [bmv2] [D] [thread 9926] [12.0] [cxt 0] Pipeline 'ingress': start
[05:00:10.046] [bmv2] [T] [thread 9926] [12.0] [cxt 0] source_routing.p4(126) Condition "hdr.srcRoutes[0].isValid()" (node_2) is false
[05:00:10.046] [bmv2] [T] [thread 9926] [12.0] [cxt 0] Applying table 'tbl_drop'
[05:00:10.046] [bmv2] [D] [thread 9926] [12.0] [cxt 0] Looking up key:

[05:00:10.046] [bmv2] [D] [thread 9926] [12.0] [cxt 0] Table 'tbl_drop': miss
[05:00:10.046] [bmv2] [D] [thread 9926] [12.0] [cxt 0] Action entry is MyIngress.drop - 
[05:00:10.046] [bmv2] [T] [thread 9926] [12.0] [cxt 0] Action MyIngress.drop
[05:00:10.046] [bmv2] [T] [thread 9926] [12.0] [cxt 0] source_routing.p4(109) Primitive mark_to_drop()
[05:00:10.046] [bmv2] [D] [thread 9926] [12.0] [cxt 0] Pipeline 'ingress': end
[05:00:10.046] [bmv2] [D] [thread 9926] [12.0] [cxt 0] Egress port is 511
[05:00:10.046] [bmv2] [D] [thread 9926] [12.0] [cxt 0] Dropping packet at the end of ingress
[05:00:10.046] [bmv2] [D] [thread 9926] [13.0] [cxt 0] Processing packet received on port 3
[05:00:10.046] [bmv2] [D] [thread 9926] [13.0] [cxt 0] Parser 'parser': start
[05:00:10.046] [bmv2] [D] [thread 9926] [13.0] [cxt 0] Parser 'parser' entering state 'start'
[05:00:10.046] [bmv2] [D] [thread 9926] [13.0] [cxt 0] Extracting header 'ethernet'
[05:00:10.046] [bmv2] [D] [thread 9926] [13.0] [cxt 0] Parser state 'start': key is 86dd
[05:00:10.046] [bmv2] [T] [thread 9926] [13.0] [cxt 0] Bytes parsed: 14
[05:00:10.046] [bmv2] [D] [thread 9926] [13.0] [cxt 0] Parser 'parser': end
[05:00:10.046] [bmv2] [D] [thread 9926] [13.0] [cxt 0] Pipeline 'ingress': start
[05:00:10.046] [bmv2] [T] [thread 9926] [13.0] [cxt 0] source_routing.p4(126) Condition "hdr.srcRoutes[0].isValid()" (node_2) is false
[05:00:10.046] [bmv2] [T] [thread 9926] [13.0] [cxt 0] Applying table 'tbl_drop'
[05:00:10.046] [bmv2] [D] [thread 9926] [13.0] [cxt 0] Looking up key:

[05:00:10.046] [bmv2] [D] [thread 9926] [13.0] [cxt 0] Table 'tbl_drop': miss
[05:00:10.046] [bmv2] [D] [thread 9926] [13.0] [cxt 0] Action entry is MyIngress.drop - 
[05:00:10.046] [bmv2] [T] [thread 9926] [13.0] [cxt 0] Action MyIngress.drop
[05:00:10.046] [bmv2] [T] [thread 9926] [13.0] [cxt 0] source_routing.p4(109) Primitive mark_to_drop()
[05:00:10.046] [bmv2] [D] [thread 9926] [13.0] [cxt 0] Pipeline 'ingress': end
[05:00:10.046] [bmv2] [D] [thread 9926] [13.0] [cxt 0] Egress port is 511
[05:00:10.046] [bmv2] [D] [thread 9926] [13.0] [cxt 0] Dropping packet at the end of ingress
[05:00:10.046] [bmv2] [D] [thread 9926] [14.0] [cxt 0] Processing packet received on port 2
[05:00:10.046] [bmv2] [D] [thread 9926] [14.0] [cxt 0] Parser 'parser': start
[05:00:10.046] [bmv2] [D] [thread 9926] [14.0] [cxt 0] Parser 'parser' entering state 'start'
[05:00:10.046] [bmv2] [D] [thread 9926] [14.0] [cxt 0] Extracting header 'ethernet'
[05:00:10.046] [bmv2] [D] [thread 9926] [14.0] [cxt 0] Parser state 'start': key is 86dd
[05:00:10.046] [bmv2] [T] [thread 9926] [14.0] [cxt 0] Bytes parsed: 14
[05:00:10.046] [bmv2] [D] [thread 9926] [14.0] [cxt 0] Parser 'parser': end
[05:00:10.046] [bmv2] [D] [thread 9926] [14.0] [cxt 0] Pipeline 'ingress': start
[05:00:10.046] [bmv2] [T] [thread 9926] [14.0] [cxt 0] source_routing.p4(126) Condition "hdr.srcRoutes[0].isValid()" (node_2) is false
[05:00:10.046] [bmv2] [T] [thread 9926] [14.0] [cxt 0] Applying table 'tbl_drop'
[05:00:10.046] [bmv2] [D] [thread 9926] [14.0] [cxt 0] Looking up key:

[05:00:10.046] [bmv2] [D] [thread 9926] [14.0] [cxt 0] Table 'tbl_drop': miss
[05:00:10.046] [bmv2] [D] [thread 9926] [14.0] [cxt 0] Action entry is MyIngress.drop - 
[05:00:10.046] [bmv2] [T] [thread 9926] [14.0] [cxt 0] Action MyIngress.drop
[05:00:10.046] [bmv2] [T] [thread 9926] [14.0] [cxt 0] source_routing.p4(109) Primitive mark_to_drop()
[05:00:10.046] [bmv2] [D] [thread 9926] [14.0] [cxt 0] Pipeline 'ingress': end
[05:00:10.046] [bmv2] [D] [thread 9926] [14.0] [cxt 0] Egress port is 511
[05:00:10.046] [bmv2] [D] [thread 9926] [14.0] [cxt 0] Dropping packet at the end of ingress
[05:00:10.046] [bmv2] [D] [thread 9926] [15.0] [cxt 0] Processing packet received on port 3
[05:00:10.046] [bmv2] [D] [thread 9926] [15.0] [cxt 0] Parser 'parser': start
[05:00:10.046] [bmv2] [D] [thread 9926] [15.0] [cxt 0] Parser 'parser' entering state 'start'
[05:00:10.046] [bmv2] [D] [thread 9926] [15.0] [cxt 0] Extracting header 'ethernet'
[05:00:10.046] [bmv2] [D] [thread 9926] [15.0] [cxt 0] Parser state 'start': key is 86dd
[05:00:10.046] [bmv2] [T] [thread 9926] [15.0] [cxt 0] Bytes parsed: 14
[05:00:10.046] [bmv2] [D] [thread 9926] [15.0] [cxt 0] Parser 'parser': end
[05:00:10.046] [bmv2] [D] [thread 9926] [15.0] [cxt 0] Pipeline 'ingress': start
[05:00:10.046] [bmv2] [T] [thread 9926] [15.0] [cxt 0] source_routing.p4(126) Condition "hdr.srcRoutes[0].isValid()" (node_2) is false
[05:00:10.046] [bmv2] [T] [thread 9926] [15.0] [cxt 0] Applying table 'tbl_drop'
[05:00:10.046] [bmv2] [D] [thread 9926] [15.0] [cxt 0] Looking up key:

[05:00:10.046] [bmv2] [D] [thread 9926] [15.0] [cxt 0] Table 'tbl_drop': miss
[05:00:10.046] [bmv2] [D] [thread 9926] [15.0] [cxt 0] Action entry is MyIngress.drop - 
[05:00:10.046] [bmv2] [T] [thread 9926] [15.0] [cxt 0] Action MyIngress.drop
[05:00:10.046] [bmv2] [T] [thread 9926] [15.0] [cxt 0] source_routing.p4(109) Primitive mark_to_drop()
[05:00:10.046] [bmv2] [D] [thread 9926] [15.0] [cxt 0] Pipeline 'ingress': end
[05:00:10.046] [bmv2] [D] [thread 9926] [15.0] [cxt 0] Egress port is 511
[05:00:10.046] [bmv2] [D] [thread 9926] [15.0] [cxt 0] Dropping packet at the end of ingress
[05:00:10.046] [bmv2] [D] [thread 9926] [16.0] [cxt 0] Processing packet received on port 2
[05:00:10.046] [bmv2] [D] [thread 9926] [16.0] [cxt 0] Parser 'parser': start
[05:00:10.046] [bmv2] [D] [thread 9926] [16.0] [cxt 0] Parser 'parser' entering state 'start'
[05:00:10.046] [bmv2] [D] [thread 9926] [16.0] [cxt 0] Extracting header 'ethernet'
[05:00:10.046] [bmv2] [D] [thread 9926] [16.0] [cxt 0] Parser state 'start': key is 86dd
[05:00:10.046] [bmv2] [T] [thread 9926] [16.0] [cxt 0] Bytes parsed: 14
[05:00:10.046] [bmv2] [D] [thread 9926] [16.0] [cxt 0] Parser 'parser': end
[05:00:10.046] [bmv2] [D] [thread 9926] [16.0] [cxt 0] Pipeline 'ingress': start
[05:00:10.046] [bmv2] [T] [thread 9926] [16.0] [cxt 0] source_routing.p4(126) Condition "hdr.srcRoutes[0].isValid()" (node_2) is false
[05:00:10.046] [bmv2] [T] [thread 9926] [16.0] [cxt 0] Applying table 'tbl_drop'
[05:00:10.046] [bmv2] [D] [thread 9926] [16.0] [cxt 0] Looking up key:

[05:00:10.046] [bmv2] [D] [thread 9926] [16.0] [cxt 0] Table 'tbl_drop': miss
[05:00:10.046] [bmv2] [D] [thread 9926] [16.0] [cxt 0] Action entry is MyIngress.drop - 
[05:00:10.046] [bmv2] [T] [thread 9926] [16.0] [cxt 0] Action MyIngress.drop
[05:00:10.046] [bmv2] [T] [thread 9926] [16.0] [cxt 0] source_routing.p4(109) Primitive mark_to_drop()
[05:00:10.046] [bmv2] [D] [thread 9926] [16.0] [cxt 0] Pipeline 'ingress': end
[05:00:10.046] [bmv2] [D] [thread 9926] [16.0] [cxt 0] Egress port is 511
[05:00:10.046] [bmv2] [D] [thread 9926] [16.0] [cxt 0] Dropping packet at the end of ingress
[05:00:10.046] [bmv2] [D] [thread 9926] [17.0] [cxt 0] Processing packet received on port 3
[05:00:10.046] [bmv2] [D] [thread 9926] [17.0] [cxt 0] Parser 'parser': start
[05:00:10.046] [bmv2] [D] [thread 9926] [17.0] [cxt 0] Parser 'parser' entering state 'start'
[05:00:10.046] [bmv2] [D] [thread 9926] [17.0] [cxt 0] Extracting header 'ethernet'
[05:00:10.046] [bmv2] [D] [thread 9926] [17.0] [cxt 0] Parser state 'start': key is 86dd
[05:00:10.046] [bmv2] [T] [thread 9926] [17.0] [cxt 0] Bytes parsed: 14
[05:00:10.046] [bmv2] [D] [thread 9926] [17.0] [cxt 0] Parser 'parser': end
[05:00:10.046] [bmv2] [D] [thread 9926] [17.0] [cxt 0] Pipeline 'ingress': start
[05:00:10.046] [bmv2] [T] [thread 9926] [17.0] [cxt 0] source_routing.p4(126) Condition "hdr.srcRoutes[0].isValid()" (node_2) is false
[05:00:10.046] [bmv2] [T] [thread 9926] [17.0] [cxt 0] Applying table 'tbl_drop'
[05:00:10.046] [bmv2] [D] [thread 9926] [17.0] [cxt 0] Looking up key:

[05:00:10.046] [bmv2] [D] [thread 9926] [17.0] [cxt 0] Table 'tbl_drop': miss
[05:00:10.046] [bmv2] [D] [thread 9926] [17.0] [cxt 0] Action entry is MyIngress.drop - 
[05:00:10.046] [bmv2] [T] [thread 9926] [17.0] [cxt 0] Action MyIngress.drop
[05:00:10.046] [bmv2] [T] [thread 9926] [17.0] [cxt 0] source_routing.p4(109) Primitive mark_to_drop()
[05:00:10.046] [bmv2] [D] [thread 9926] [17.0] [cxt 0] Pipeline 'ingress': end
[05:00:10.046] [bmv2] [D] [thread 9926] [17.0] [cxt 0] Egress port is 511
[05:00:10.046] [bmv2] [D] [thread 9926] [17.0] [cxt 0] Dropping packet at the end of ingress
[05:00:10.063] [bmv2] [D] [thread 9926] [18.0] [cxt 0] Processing packet received on port 2
[05:00:10.063] [bmv2] [D] [thread 9926] [18.0] [cxt 0] Parser 'parser': start
[05:00:10.063] [bmv2] [D] [thread 9926] [18.0] [cxt 0] Parser 'parser' entering state 'start'
[05:00:10.063] [bmv2] [D] [thread 9926] [18.0] [cxt 0] Extracting header 'ethernet'
[05:00:10.063] [bmv2] [D] [thread 9926] [18.0] [cxt 0] Parser state 'start': key is 86dd
[05:00:10.063] [bmv2] [T] [thread 9926] [18.0] [cxt 0] Bytes parsed: 14
[05:00:10.063] [bmv2] [D] [thread 9926] [18.0] [cxt 0] Parser 'parser': end
[05:00:10.063] [bmv2] [D] [thread 9926] [18.0] [cxt 0] Pipeline 'ingress': start
[05:00:10.063] [bmv2] [T] [thread 9926] [18.0] [cxt 0] source_routing.p4(126) Condition "hdr.srcRoutes[0].isValid()" (node_2) is false
[05:00:10.063] [bmv2] [T] [thread 9926] [18.0] [cxt 0] Applying table 'tbl_drop'
[05:00:10.063] [bmv2] [D] [thread 9926] [18.0] [cxt 0] Looking up key:

[05:00:10.063] [bmv2] [D] [thread 9926] [18.0] [cxt 0] Table 'tbl_drop': miss
[05:00:10.063] [bmv2] [D] [thread 9926] [18.0] [cxt 0] Action entry is MyIngress.drop - 
[05:00:10.063] [bmv2] [T] [thread 9926] [18.0] [cxt 0] Action MyIngress.drop
[05:00:10.063] [bmv2] [T] [thread 9926] [18.0] [cxt 0] source_routing.p4(109) Primitive mark_to_drop()
[05:00:10.063] [bmv2] [D] [thread 9926] [18.0] [cxt 0] Pipeline 'ingress': end
[05:00:10.063] [bmv2] [D] [thread 9926] [18.0] [cxt 0] Egress port is 511
[05:00:10.063] [bmv2] [D] [thread 9926] [18.0] [cxt 0] Dropping packet at the end of ingress
[05:00:10.384] [bmv2] [D] [thread 9926] [19.0] [cxt 0] Processing packet received on port 1
[05:00:10.384] [bmv2] [D] [thread 9926] [19.0] [cxt 0] Parser 'parser': start
[05:00:10.384] [bmv2] [D] [thread 9926] [19.0] [cxt 0] Parser 'parser' entering state 'start'
[05:00:10.384] [bmv2] [D] [thread 9926] [19.0] [cxt 0] Extracting header 'ethernet'
[05:00:10.384] [bmv2] [D] [thread 9926] [19.0] [cxt 0] Parser state 'start': key is 86dd
[05:00:10.384] [bmv2] [T] [thread 9926] [19.0] [cxt 0] Bytes parsed: 14
[05:00:10.384] [bmv2] [D] [thread 9926] [19.0] [cxt 0] Parser 'parser': end
[05:00:10.384] [bmv2] [D] [thread 9926] [19.0] [cxt 0] Pipeline 'ingress': start
[05:00:10.384] [bmv2] [T] [thread 9926] [19.0] [cxt 0] source_routing.p4(126) Condition "hdr.srcRoutes[0].isValid()" (node_2) is false
[05:00:10.384] [bmv2] [T] [thread 9926] [19.0] [cxt 0] Applying table 'tbl_drop'
[05:00:10.384] [bmv2] [D] [thread 9926] [19.0] [cxt 0] Looking up key:

[05:00:10.384] [bmv2] [D] [thread 9926] [19.0] [cxt 0] Table 'tbl_drop': miss
[05:00:10.384] [bmv2] [D] [thread 9926] [19.0] [cxt 0] Action entry is MyIngress.drop - 
[05:00:10.384] [bmv2] [T] [thread 9926] [19.0] [cxt 0] Action MyIngress.drop
[05:00:10.384] [bmv2] [T] [thread 9926] [19.0] [cxt 0] source_routing.p4(109) Primitive mark_to_drop()
[05:00:10.384] [bmv2] [D] [thread 9926] [19.0] [cxt 0] Pipeline 'ingress': end
[05:00:10.384] [bmv2] [D] [thread 9926] [19.0] [cxt 0] Egress port is 511
[05:00:10.384] [bmv2] [D] [thread 9926] [19.0] [cxt 0] Dropping packet at the end of ingress
[05:00:10.669] [bmv2] [D] [thread 9926] [20.0] [cxt 0] Processing packet received on port 2
[05:00:10.669] [bmv2] [D] [thread 9926] [20.0] [cxt 0] Parser 'parser': start
[05:00:10.669] [bmv2] [D] [thread 9926] [20.0] [cxt 0] Parser 'parser' entering state 'start'
[05:00:10.669] [bmv2] [D] [thread 9926] [20.0] [cxt 0] Extracting header 'ethernet'
[05:00:10.669] [bmv2] [D] [thread 9926] [20.0] [cxt 0] Parser state 'start': key is 86dd
[05:00:10.669] [bmv2] [T] [thread 9926] [20.0] [cxt 0] Bytes parsed: 14
[05:00:10.669] [bmv2] [D] [thread 9926] [20.0] [cxt 0] Parser 'parser': end
[05:00:10.669] [bmv2] [D] [thread 9926] [20.0] [cxt 0] Pipeline 'ingress': start
[05:00:10.669] [bmv2] [T] [thread 9926] [20.0] [cxt 0] source_routing.p4(126) Condition "hdr.srcRoutes[0].isValid()" (node_2) is false
[05:00:10.669] [bmv2] [T] [thread 9926] [20.0] [cxt 0] Applying table 'tbl_drop'
[05:00:10.669] [bmv2] [D] [thread 9926] [20.0] [cxt 0] Looking up key:

[05:00:10.669] [bmv2] [D] [thread 9926] [20.0] [cxt 0] Table 'tbl_drop': miss
[05:00:10.669] [bmv2] [D] [thread 9926] [20.0] [cxt 0] Action entry is MyIngress.drop - 
[05:00:10.669] [bmv2] [T] [thread 9926] [20.0] [cxt 0] Action MyIngress.drop
[05:00:10.669] [bmv2] [T] [thread 9926] [20.0] [cxt 0] source_routing.p4(109) Primitive mark_to_drop()
[05:00:10.669] [bmv2] [D] [thread 9926] [20.0] [cxt 0] Pipeline 'ingress': end
[05:00:10.670] [bmv2] [D] [thread 9926] [20.0] [cxt 0] Egress port is 511
[05:00:10.670] [bmv2] [D] [thread 9926] [20.0] [cxt 0] Dropping packet at the end of ingress
[05:00:11.741] [bmv2] [D] [thread 9926] [21.0] [cxt 0] Processing packet received on port 1
[05:00:11.741] [bmv2] [D] [thread 9926] [21.0] [cxt 0] Parser 'parser': start
[05:00:11.741] [bmv2] [D] [thread 9926] [21.0] [cxt 0] Parser 'parser' entering state 'start'
[05:00:11.741] [bmv2] [D] [thread 9926] [21.0] [cxt 0] Extracting header 'ethernet'
[05:00:11.741] [bmv2] [D] [thread 9926] [21.0] [cxt 0] Parser state 'start': key is 86dd
[05:00:11.741] [bmv2] [T] [thread 9926] [21.0] [cxt 0] Bytes parsed: 14
[05:00:11.741] [bmv2] [D] [thread 9926] [21.0] [cxt 0] Parser 'parser': end
[05:00:11.741] [bmv2] [D] [thread 9926] [21.0] [cxt 0] Pipeline 'ingress': start
[05:00:11.741] [bmv2] [T] [thread 9926] [21.0] [cxt 0] source_routing.p4(126) Condition "hdr.srcRoutes[0].isValid()" (node_2) is false
[05:00:11.741] [bmv2] [T] [thread 9926] [21.0] [cxt 0] Applying table 'tbl_drop'
[05:00:11.741] [bmv2] [D] [thread 9926] [21.0] [cxt 0] Looking up key:

[05:00:11.741] [bmv2] [D] [thread 9926] [21.0] [cxt 0] Table 'tbl_drop': miss
[05:00:11.741] [bmv2] [D] [thread 9926] [21.0] [cxt 0] Action entry is MyIngress.drop - 
[05:00:11.741] [bmv2] [T] [thread 9926] [21.0] [cxt 0] Action MyIngress.drop
[05:00:11.741] [bmv2] [T] [thread 9926] [21.0] [cxt 0] source_routing.p4(109) Primitive mark_to_drop()
[05:00:11.741] [bmv2] [D] [thread 9926] [21.0] [cxt 0] Pipeline 'ingress': end
[05:00:11.741] [bmv2] [D] [thread 9926] [21.0] [cxt 0] Egress port is 511
[05:00:11.741] [bmv2] [D] [thread 9926] [21.0] [cxt 0] Dropping packet at the end of ingress
[05:00:11.773] [bmv2] [D] [thread 9926] [22.0] [cxt 0] Processing packet received on port 3
[05:00:11.773] [bmv2] [D] [thread 9926] [22.0] [cxt 0] Parser 'parser': start
[05:00:11.773] [bmv2] [D] [thread 9926] [22.0] [cxt 0] Parser 'parser' entering state 'start'
[05:00:11.773] [bmv2] [D] [thread 9926] [22.0] [cxt 0] Extracting header 'ethernet'
[05:00:11.773] [bmv2] [D] [thread 9926] [22.0] [cxt 0] Parser state 'start': key is 86dd
[05:00:11.773] [bmv2] [T] [thread 9926] [22.0] [cxt 0] Bytes parsed: 14
[05:00:11.773] [bmv2] [D] [thread 9926] [22.0] [cxt 0] Parser 'parser': end
[05:00:11.773] [bmv2] [D] [thread 9926] [22.0] [cxt 0] Pipeline 'ingress': start
[05:00:11.773] [bmv2] [T] [thread 9926] [22.0] [cxt 0] source_routing.p4(126) Condition "hdr.srcRoutes[0].isValid()" (node_2) is false
[05:00:11.773] [bmv2] [T] [thread 9926] [22.0] [cxt 0] Applying table 'tbl_drop'
[05:00:11.773] [bmv2] [D] [thread 9926] [22.0] [cxt 0] Looking up key:

[05:00:11.773] [bmv2] [D] [thread 9926] [22.0] [cxt 0] Table 'tbl_drop': miss
[05:00:11.773] [bmv2] [D] [thread 9926] [22.0] [cxt 0] Action entry is MyIngress.drop - 
[05:00:11.773] [bmv2] [T] [thread 9926] [22.0] [cxt 0] Action MyIngress.drop
[05:00:11.773] [bmv2] [T] [thread 9926] [22.0] [cxt 0] source_routing.p4(109) Primitive mark_to_drop()
[05:00:11.773] [bmv2] [D] [thread 9926] [22.0] [cxt 0] Pipeline 'ingress': end
[05:00:11.773] [bmv2] [D] [thread 9926] [22.0] [cxt 0] Egress port is 511
[05:00:11.773] [bmv2] [D] [thread 9926] [22.0] [cxt 0] Dropping packet at the end of ingress
[05:00:11.821] [bmv2] [D] [thread 9926] [23.0] [cxt 0] Processing packet received on port 3
[05:00:11.821] [bmv2] [D] [thread 9926] [23.0] [cxt 0] Parser 'parser': start
[05:00:11.821] [bmv2] [D] [thread 9926] [23.0] [cxt 0] Parser 'parser' entering state 'start'
[05:00:11.821] [bmv2] [D] [thread 9926] [23.0] [cxt 0] Extracting header 'ethernet'
[05:00:11.821] [bmv2] [D] [thread 9926] [23.0] [cxt 0] Parser state 'start': key is 86dd
[05:00:11.821] [bmv2] [T] [thread 9926] [23.0] [cxt 0] Bytes parsed: 14
[05:00:11.821] [bmv2] [D] [thread 9926] [23.0] [cxt 0] Parser 'parser': end
[05:00:11.821] [bmv2] [D] [thread 9926] [23.0] [cxt 0] Pipeline 'ingress': start
[05:00:11.821] [bmv2] [T] [thread 9926] [23.0] [cxt 0] source_routing.p4(126) Condition "hdr.srcRoutes[0].isValid()" (node_2) is false
[05:00:11.821] [bmv2] [T] [thread 9926] [23.0] [cxt 0] Applying table 'tbl_drop'
[05:00:11.821] [bmv2] [D] [thread 9926] [23.0] [cxt 0] Looking up key:

[05:00:11.821] [bmv2] [D] [thread 9926] [23.0] [cxt 0] Table 'tbl_drop': miss
[05:00:11.821] [bmv2] [D] [thread 9926] [23.0] [cxt 0] Action entry is MyIngress.drop - 
[05:00:11.821] [bmv2] [T] [thread 9926] [23.0] [cxt 0] Action MyIngress.drop
[05:00:11.821] [bmv2] [T] [thread 9926] [23.0] [cxt 0] source_routing.p4(109) Primitive mark_to_drop()
[05:00:11.821] [bmv2] [D] [thread 9926] [23.0] [cxt 0] Pipeline 'ingress': end
[05:00:11.821] [bmv2] [D] [thread 9926] [23.0] [cxt 0] Egress port is 511
[05:00:11.821] [bmv2] [D] [thread 9926] [23.0] [cxt 0] Dropping packet at the end of ingress
[05:00:11.965] [bmv2] [D] [thread 9926] [24.0] [cxt 0] Processing packet received on port 2
[05:00:11.965] [bmv2] [D] [thread 9926] [24.0] [cxt 0] Parser 'parser': start
[05:00:11.965] [bmv2] [D] [thread 9926] [24.0] [cxt 0] Parser 'parser' entering state 'start'
[05:00:11.965] [bmv2] [D] [thread 9926] [24.0] [cxt 0] Extracting header 'ethernet'
[05:00:11.965] [bmv2] [D] [thread 9926] [24.0] [cxt 0] Parser state 'start': key is 86dd
[05:00:11.965] [bmv2] [T] [thread 9926] [24.0] [cxt 0] Bytes parsed: 14
[05:00:11.965] [bmv2] [D] [thread 9926] [24.0] [cxt 0] Parser 'parser': end
[05:00:11.965] [bmv2] [D] [thread 9926] [24.0] [cxt 0] Pipeline 'ingress': start
[05:00:11.965] [bmv2] [T] [thread 9926] [24.0] [cxt 0] source_routing.p4(126) Condition "hdr.srcRoutes[0].isValid()" (node_2) is false
[05:00:11.965] [bmv2] [T] [thread 9926] [24.0] [cxt 0] Applying table 'tbl_drop'
[05:00:11.965] [bmv2] [D] [thread 9926] [24.0] [cxt 0] Looking up key:

[05:00:11.965] [bmv2] [D] [thread 9926] [24.0] [cxt 0] Table 'tbl_drop': miss
[05:00:11.965] [bmv2] [D] [thread 9926] [24.0] [cxt 0] Action entry is MyIngress.drop - 
[05:00:11.965] [bmv2] [T] [thread 9926] [24.0] [cxt 0] Action MyIngress.drop
[05:00:11.965] [bmv2] [T] [thread 9926] [24.0] [cxt 0] source_routing.p4(109) Primitive mark_to_drop()
[05:00:11.965] [bmv2] [D] [thread 9926] [24.0] [cxt 0] Pipeline 'ingress': end
[05:00:11.965] [bmv2] [D] [thread 9926] [24.0] [cxt 0] Egress port is 511
[05:00:11.965] [bmv2] [D] [thread 9926] [24.0] [cxt 0] Dropping packet at the end of ingress
[05:00:12.016] [bmv2] [D] [thread 9926] [25.0] [cxt 0] Processing packet received on port 1
[05:00:12.016] [bmv2] [D] [thread 9926] [25.0] [cxt 0] Parser 'parser': start
[05:00:12.016] [bmv2] [D] [thread 9926] [25.0] [cxt 0] Parser 'parser' entering state 'start'
[05:00:12.016] [bmv2] [D] [thread 9926] [25.0] [cxt 0] Extracting header 'ethernet'
[05:00:12.016] [bmv2] [D] [thread 9926] [25.0] [cxt 0] Parser state 'start': key is 86dd
[05:00:12.016] [bmv2] [T] [thread 9926] [25.0] [cxt 0] Bytes parsed: 14
[05:00:12.016] [bmv2] [D] [thread 9926] [25.0] [cxt 0] Parser 'parser': end
[05:00:12.016] [bmv2] [D] [thread 9926] [25.0] [cxt 0] Pipeline 'ingress': start
[05:00:12.016] [bmv2] [T] [thread 9926] [25.0] [cxt 0] source_routing.p4(126) Condition "hdr.srcRoutes[0].isValid()" (node_2) is false
[05:00:12.016] [bmv2] [T] [thread 9926] [25.0] [cxt 0] Applying table 'tbl_drop'
[05:00:12.016] [bmv2] [D] [thread 9926] [25.0] [cxt 0] Looking up key:

[05:00:12.016] [bmv2] [D] [thread 9926] [25.0] [cxt 0] Table 'tbl_drop': miss
[05:00:12.016] [bmv2] [D] [thread 9926] [25.0] [cxt 0] Action entry is MyIngress.drop - 
[05:00:12.016] [bmv2] [T] [thread 9926] [25.0] [cxt 0] Action MyIngress.drop
[05:00:12.016] [bmv2] [T] [thread 9926] [25.0] [cxt 0] source_routing.p4(109) Primitive mark_to_drop()
[05:00:12.016] [bmv2] [D] [thread 9926] [25.0] [cxt 0] Pipeline 'ingress': end
[05:00:12.016] [bmv2] [D] [thread 9926] [25.0] [cxt 0] Egress port is 511
[05:00:12.016] [bmv2] [D] [thread 9926] [25.0] [cxt 0] Dropping packet at the end of ingress
[05:00:12.045] [bmv2] [D] [thread 9926] [26.0] [cxt 0] Processing packet received on port 3
[05:00:12.045] [bmv2] [D] [thread 9926] [26.0] [cxt 0] Parser 'parser': start
[05:00:12.045] [bmv2] [D] [thread 9926] [26.0] [cxt 0] Parser 'parser' entering state 'start'
[05:00:12.045] [bmv2] [D] [thread 9926] [26.0] [cxt 0] Extracting header 'ethernet'
[05:00:12.045] [bmv2] [D] [thread 9926] [26.0] [cxt 0] Parser state 'start': key is 86dd
[05:00:12.045] [bmv2] [T] [thread 9926] [26.0] [cxt 0] Bytes parsed: 14
[05:00:12.045] [bmv2] [D] [thread 9926] [26.0] [cxt 0] Parser 'parser': end
[05:00:12.045] [bmv2] [D] [thread 9926] [26.0] [cxt 0] Pipeline 'ingress': start
[05:00:12.045] [bmv2] [T] [thread 9926] [26.0] [cxt 0] source_routing.p4(126) Condition "hdr.srcRoutes[0].isValid()" (node_2) is false
[05:00:12.045] [bmv2] [T] [thread 9926] [26.0] [cxt 0] Applying table 'tbl_drop'
[05:00:12.045] [bmv2] [D] [thread 9926] [26.0] [cxt 0] Looking up key:

[05:00:12.045] [bmv2] [D] [thread 9926] [26.0] [cxt 0] Table 'tbl_drop': miss
[05:00:12.045] [bmv2] [D] [thread 9926] [26.0] [cxt 0] Action entry is MyIngress.drop - 
[05:00:12.045] [bmv2] [T] [thread 9926] [26.0] [cxt 0] Action MyIngress.drop
[05:00:12.045] [bmv2] [T] [thread 9926] [26.0] [cxt 0] source_routing.p4(109) Primitive mark_to_drop()
[05:00:12.045] [bmv2] [D] [thread 9926] [26.0] [cxt 0] Pipeline 'ingress': end
[05:00:12.045] [bmv2] [D] [thread 9926] [26.0] [cxt 0] Egress port is 511
[05:00:12.045] [bmv2] [D] [thread 9926] [26.0] [cxt 0] Dropping packet at the end of ingress
[05:00:12.092] [bmv2] [D] [thread 9926] [27.0] [cxt 0] Processing packet received on port 3
[05:00:12.092] [bmv2] [D] [thread 9926] [27.0] [cxt 0] Parser 'parser': start
[05:00:12.092] [bmv2] [D] [thread 9926] [27.0] [cxt 0] Parser 'parser' entering state 'start'
[05:00:12.092] [bmv2] [D] [thread 9926] [27.0] [cxt 0] Extracting header 'ethernet'
[05:00:12.092] [bmv2] [D] [thread 9926] [27.0] [cxt 0] Parser state 'start': key is 86dd
[05:00:12.092] [bmv2] [T] [thread 9926] [27.0] [cxt 0] Bytes parsed: 14
[05:00:12.092] [bmv2] [D] [thread 9926] [27.0] [cxt 0] Parser 'parser': end
[05:00:12.092] [bmv2] [D] [thread 9926] [27.0] [cxt 0] Pipeline 'ingress': start
[05:00:12.092] [bmv2] [T] [thread 9926] [27.0] [cxt 0] source_routing.p4(126) Condition "hdr.srcRoutes[0].isValid()" (node_2) is false
[05:00:12.092] [bmv2] [T] [thread 9926] [27.0] [cxt 0] Applying table 'tbl_drop'
[05:00:12.093] [bmv2] [D] [thread 9926] [27.0] [cxt 0] Looking up key:

[05:00:12.093] [bmv2] [D] [thread 9926] [27.0] [cxt 0] Table 'tbl_drop': miss
[05:00:12.093] [bmv2] [D] [thread 9926] [27.0] [cxt 0] Action entry is MyIngress.drop - 
[05:00:12.093] [bmv2] [T] [thread 9926] [27.0] [cxt 0] Action MyIngress.drop
[05:00:12.093] [bmv2] [T] [thread 9926] [27.0] [cxt 0] source_routing.p4(109) Primitive mark_to_drop()
[05:00:12.093] [bmv2] [D] [thread 9926] [27.0] [cxt 0] Pipeline 'ingress': end
[05:00:12.093] [bmv2] [D] [thread 9926] [27.0] [cxt 0] Egress port is 511
[05:00:12.093] [bmv2] [D] [thread 9926] [27.0] [cxt 0] Dropping packet at the end of ingress
[05:00:12.240] [bmv2] [D] [thread 9926] [28.0] [cxt 0] Processing packet received on port 2
[05:00:12.241] [bmv2] [D] [thread 9926] [28.0] [cxt 0] Parser 'parser': start
[05:00:12.241] [bmv2] [D] [thread 9926] [28.0] [cxt 0] Parser 'parser' entering state 'start'
[05:00:12.241] [bmv2] [D] [thread 9926] [28.0] [cxt 0] Extracting header 'ethernet'
[05:00:12.241] [bmv2] [D] [thread 9926] [28.0] [cxt 0] Parser state 'start': key is 86dd
[05:00:12.241] [bmv2] [T] [thread 9926] [28.0] [cxt 0] Bytes parsed: 14
[05:00:12.241] [bmv2] [D] [thread 9926] [28.0] [cxt 0] Parser 'parser': end
[05:00:12.241] [bmv2] [D] [thread 9926] [28.0] [cxt 0] Pipeline 'ingress': start
[05:00:12.241] [bmv2] [T] [thread 9926] [28.0] [cxt 0] source_routing.p4(126) Condition "hdr.srcRoutes[0].isValid()" (node_2) is false
[05:00:12.241] [bmv2] [T] [thread 9926] [28.0] [cxt 0] Applying table 'tbl_drop'
[05:00:12.241] [bmv2] [D] [thread 9926] [28.0] [cxt 0] Looking up key:

[05:00:12.241] [bmv2] [D] [thread 9926] [28.0] [cxt 0] Table 'tbl_drop': miss
[05:00:12.241] [bmv2] [D] [thread 9926] [28.0] [cxt 0] Action entry is MyIngress.drop - 
[05:00:12.241] [bmv2] [T] [thread 9926] [28.0] [cxt 0] Action MyIngress.drop
[05:00:12.241] [bmv2] [T] [thread 9926] [28.0] [cxt 0] source_routing.p4(109) Primitive mark_to_drop()
[05:00:12.241] [bmv2] [D] [thread 9926] [28.0] [cxt 0] Pipeline 'ingress': end
[05:00:12.241] [bmv2] [D] [thread 9926] [28.0] [cxt 0] Egress port is 511
[05:00:12.241] [bmv2] [D] [thread 9926] [28.0] [cxt 0] Dropping packet at the end of ingress
[05:00:12.558] [bmv2] [D] [thread 9926] [29.0] [cxt 0] Processing packet received on port 2
[05:00:12.558] [bmv2] [D] [thread 9926] [29.0] [cxt 0] Parser 'parser': start
[05:00:12.558] [bmv2] [D] [thread 9926] [29.0] [cxt 0] Parser 'parser' entering state 'start'
[05:00:12.558] [bmv2] [D] [thread 9926] [29.0] [cxt 0] Extracting header 'ethernet'
[05:00:12.558] [bmv2] [D] [thread 9926] [29.0] [cxt 0] Parser state 'start': key is 86dd
[05:00:12.558] [bmv2] [T] [thread 9926] [29.0] [cxt 0] Bytes parsed: 14
[05:00:12.558] [bmv2] [D] [thread 9926] [29.0] [cxt 0] Parser 'parser': end
[05:00:12.558] [bmv2] [D] [thread 9926] [29.0] [cxt 0] Pipeline 'ingress': start
[05:00:12.558] [bmv2] [T] [thread 9926] [29.0] [cxt 0] source_routing.p4(126) Condition "hdr.srcRoutes[0].isValid()" (node_2) is false
[05:00:12.558] [bmv2] [T] [thread 9926] [29.0] [cxt 0] Applying table 'tbl_drop'
[05:00:12.558] [bmv2] [D] [thread 9926] [29.0] [cxt 0] Looking up key:

[05:00:12.558] [bmv2] [D] [thread 9926] [29.0] [cxt 0] Table 'tbl_drop': miss
[05:00:12.558] [bmv2] [D] [thread 9926] [29.0] [cxt 0] Action entry is MyIngress.drop - 
[05:00:12.558] [bmv2] [T] [thread 9926] [29.0] [cxt 0] Action MyIngress.drop
[05:00:12.558] [bmv2] [T] [thread 9926] [29.0] [cxt 0] source_routing.p4(109) Primitive mark_to_drop()
[05:00:12.558] [bmv2] [D] [thread 9926] [29.0] [cxt 0] Pipeline 'ingress': end
[05:00:12.558] [bmv2] [D] [thread 9926] [29.0] [cxt 0] Egress port is 511
[05:00:12.558] [bmv2] [D] [thread 9926] [29.0] [cxt 0] Dropping packet at the end of ingress
[05:00:12.851] [bmv2] [D] [thread 9926] [30.0] [cxt 0] Processing packet received on port 2
[05:00:12.851] [bmv2] [D] [thread 9926] [30.0] [cxt 0] Parser 'parser': start
[05:00:12.851] [bmv2] [D] [thread 9926] [30.0] [cxt 0] Parser 'parser' entering state 'start'
[05:00:12.851] [bmv2] [D] [thread 9926] [30.0] [cxt 0] Extracting header 'ethernet'
[05:00:12.851] [bmv2] [D] [thread 9926] [30.0] [cxt 0] Parser state 'start': key is 86dd
[05:00:12.851] [bmv2] [T] [thread 9926] [30.0] [cxt 0] Bytes parsed: 14
[05:00:12.851] [bmv2] [D] [thread 9926] [30.0] [cxt 0] Parser 'parser': end
[05:00:12.851] [bmv2] [D] [thread 9926] [30.0] [cxt 0] Pipeline 'ingress': start
[05:00:12.851] [bmv2] [T] [thread 9926] [30.0] [cxt 0] source_routing.p4(126) Condition "hdr.srcRoutes[0].isValid()" (node_2) is false
[05:00:12.851] [bmv2] [T] [thread 9926] [30.0] [cxt 0] Applying table 'tbl_drop'
[05:00:12.851] [bmv2] [D] [thread 9926] [30.0] [cxt 0] Looking up key:

[05:00:12.851] [bmv2] [D] [thread 9926] [30.0] [cxt 0] Table 'tbl_drop': miss
[05:00:12.851] [bmv2] [D] [thread 9926] [30.0] [cxt 0] Action entry is MyIngress.drop - 
[05:00:12.851] [bmv2] [T] [thread 9926] [30.0] [cxt 0] Action MyIngress.drop
[05:00:12.851] [bmv2] [T] [thread 9926] [30.0] [cxt 0] source_routing.p4(109) Primitive mark_to_drop()
[05:00:12.851] [bmv2] [D] [thread 9926] [30.0] [cxt 0] Pipeline 'ingress': end
[05:00:12.851] [bmv2] [D] [thread 9926] [30.0] [cxt 0] Egress port is 511
[05:00:12.851] [bmv2] [D] [thread 9926] [30.0] [cxt 0] Dropping packet at the end of ingress
[05:00:15.754] [bmv2] [D] [thread 9926] [31.0] [cxt 0] Processing packet received on port 1
[05:00:15.754] [bmv2] [D] [thread 9926] [31.0] [cxt 0] Parser 'parser': start
[05:00:15.754] [bmv2] [D] [thread 9926] [31.0] [cxt 0] Parser 'parser' entering state 'start'
[05:00:15.754] [bmv2] [D] [thread 9926] [31.0] [cxt 0] Extracting header 'ethernet'
[05:00:15.754] [bmv2] [D] [thread 9926] [31.0] [cxt 0] Parser state 'start': key is 86dd
[05:00:15.754] [bmv2] [T] [thread 9926] [31.0] [cxt 0] Bytes parsed: 14
[05:00:15.754] [bmv2] [D] [thread 9926] [31.0] [cxt 0] Parser 'parser': end
[05:00:15.754] [bmv2] [D] [thread 9926] [31.0] [cxt 0] Pipeline 'ingress': start
[05:00:15.754] [bmv2] [T] [thread 9926] [31.0] [cxt 0] source_routing.p4(126) Condition "hdr.srcRoutes[0].isValid()" (node_2) is false
[05:00:15.754] [bmv2] [T] [thread 9926] [31.0] [cxt 0] Applying table 'tbl_drop'
[05:00:15.754] [bmv2] [D] [thread 9926] [31.0] [cxt 0] Looking up key:

[05:00:15.754] [bmv2] [D] [thread 9926] [31.0] [cxt 0] Table 'tbl_drop': miss
[05:00:15.754] [bmv2] [D] [thread 9926] [31.0] [cxt 0] Action entry is MyIngress.drop - 
[05:00:15.754] [bmv2] [T] [thread 9926] [31.0] [cxt 0] Action MyIngress.drop
[05:00:15.754] [bmv2] [T] [thread 9926] [31.0] [cxt 0] source_routing.p4(109) Primitive mark_to_drop()
[05:00:15.754] [bmv2] [D] [thread 9926] [31.0] [cxt 0] Pipeline 'ingress': end
[05:00:15.754] [bmv2] [D] [thread 9926] [31.0] [cxt 0] Egress port is 511
[05:00:15.754] [bmv2] [D] [thread 9926] [31.0] [cxt 0] Dropping packet at the end of ingress
[05:00:15.783] [bmv2] [D] [thread 9926] [32.0] [cxt 0] Processing packet received on port 3
[05:00:15.784] [bmv2] [D] [thread 9926] [32.0] [cxt 0] Parser 'parser': start
[05:00:15.784] [bmv2] [D] [thread 9926] [32.0] [cxt 0] Parser 'parser' entering state 'start'
[05:00:15.784] [bmv2] [D] [thread 9926] [32.0] [cxt 0] Extracting header 'ethernet'
[05:00:15.784] [bmv2] [D] [thread 9926] [32.0] [cxt 0] Parser state 'start': key is 86dd
[05:00:15.784] [bmv2] [T] [thread 9926] [32.0] [cxt 0] Bytes parsed: 14
[05:00:15.784] [bmv2] [D] [thread 9926] [32.0] [cxt 0] Parser 'parser': end
[05:00:15.784] [bmv2] [D] [thread 9926] [32.0] [cxt 0] Pipeline 'ingress': start
[05:00:15.784] [bmv2] [T] [thread 9926] [32.0] [cxt 0] source_routing.p4(126) Condition "hdr.srcRoutes[0].isValid()" (node_2) is false
[05:00:15.784] [bmv2] [T] [thread 9926] [32.0] [cxt 0] Applying table 'tbl_drop'
[05:00:15.784] [bmv2] [D] [thread 9926] [32.0] [cxt 0] Looking up key:

[05:00:15.784] [bmv2] [D] [thread 9926] [32.0] [cxt 0] Table 'tbl_drop': miss
[05:00:15.784] [bmv2] [D] [thread 9926] [32.0] [cxt 0] Action entry is MyIngress.drop - 
[05:00:15.784] [bmv2] [T] [thread 9926] [32.0] [cxt 0] Action MyIngress.drop
[05:00:15.784] [bmv2] [T] [thread 9926] [32.0] [cxt 0] source_routing.p4(109) Primitive mark_to_drop()
[05:00:15.784] [bmv2] [D] [thread 9926] [32.0] [cxt 0] Pipeline 'ingress': end
[05:00:15.784] [bmv2] [D] [thread 9926] [32.0] [cxt 0] Egress port is 511
[05:00:15.784] [bmv2] [D] [thread 9926] [32.0] [cxt 0] Dropping packet at the end of ingress
[05:00:15.829] [bmv2] [D] [thread 9926] [33.0] [cxt 0] Processing packet received on port 3
[05:00:15.829] [bmv2] [D] [thread 9926] [33.0] [cxt 0] Parser 'parser': start
[05:00:15.829] [bmv2] [D] [thread 9926] [33.0] [cxt 0] Parser 'parser' entering state 'start'
[05:00:15.829] [bmv2] [D] [thread 9926] [33.0] [cxt 0] Extracting header 'ethernet'
[05:00:15.829] [bmv2] [D] [thread 9926] [33.0] [cxt 0] Parser state 'start': key is 86dd
[05:00:15.829] [bmv2] [T] [thread 9926] [33.0] [cxt 0] Bytes parsed: 14
[05:00:15.829] [bmv2] [D] [thread 9926] [33.0] [cxt 0] Parser 'parser': end
[05:00:15.829] [bmv2] [D] [thread 9926] [33.0] [cxt 0] Pipeline 'ingress': start
[05:00:15.829] [bmv2] [T] [thread 9926] [33.0] [cxt 0] source_routing.p4(126) Condition "hdr.srcRoutes[0].isValid()" (node_2) is false
[05:00:15.829] [bmv2] [T] [thread 9926] [33.0] [cxt 0] Applying table 'tbl_drop'
[05:00:15.829] [bmv2] [D] [thread 9926] [33.0] [cxt 0] Looking up key:

[05:00:15.829] [bmv2] [D] [thread 9926] [33.0] [cxt 0] Table 'tbl_drop': miss
[05:00:15.830] [bmv2] [D] [thread 9926] [33.0] [cxt 0] Action entry is MyIngress.drop - 
[05:00:15.830] [bmv2] [T] [thread 9926] [33.0] [cxt 0] Action MyIngress.drop
[05:00:15.830] [bmv2] [T] [thread 9926] [33.0] [cxt 0] source_routing.p4(109) Primitive mark_to_drop()
[05:00:15.830] [bmv2] [D] [thread 9926] [33.0] [cxt 0] Pipeline 'ingress': end
[05:00:15.830] [bmv2] [D] [thread 9926] [33.0] [cxt 0] Egress port is 511
[05:00:15.830] [bmv2] [D] [thread 9926] [33.0] [cxt 0] Dropping packet at the end of ingress
[05:00:15.973] [bmv2] [D] [thread 9926] [34.0] [cxt 0] Processing packet received on port 2
[05:00:15.973] [bmv2] [D] [thread 9926] [34.0] [cxt 0] Parser 'parser': start
[05:00:15.973] [bmv2] [D] [thread 9926] [34.0] [cxt 0] Parser 'parser' entering state 'start'
[05:00:15.973] [bmv2] [D] [thread 9926] [34.0] [cxt 0] Extracting header 'ethernet'
[05:00:15.973] [bmv2] [D] [thread 9926] [34.0] [cxt 0] Parser state 'start': key is 86dd
[05:00:15.973] [bmv2] [T] [thread 9926] [34.0] [cxt 0] Bytes parsed: 14
[05:00:15.973] [bmv2] [D] [thread 9926] [34.0] [cxt 0] Parser 'parser': end
[05:00:15.973] [bmv2] [D] [thread 9926] [34.0] [cxt 0] Pipeline 'ingress': start
[05:00:15.973] [bmv2] [T] [thread 9926] [34.0] [cxt 0] source_routing.p4(126) Condition "hdr.srcRoutes[0].isValid()" (node_2) is false
[05:00:15.973] [bmv2] [T] [thread 9926] [34.0] [cxt 0] Applying table 'tbl_drop'
[05:00:15.973] [bmv2] [D] [thread 9926] [34.0] [cxt 0] Looking up key:

[05:00:15.973] [bmv2] [D] [thread 9926] [34.0] [cxt 0] Table 'tbl_drop': miss
[05:00:15.973] [bmv2] [D] [thread 9926] [34.0] [cxt 0] Action entry is MyIngress.drop - 
[05:00:15.973] [bmv2] [T] [thread 9926] [34.0] [cxt 0] Action MyIngress.drop
[05:00:15.973] [bmv2] [T] [thread 9926] [34.0] [cxt 0] source_routing.p4(109) Primitive mark_to_drop()
[05:00:15.973] [bmv2] [D] [thread 9926] [34.0] [cxt 0] Pipeline 'ingress': end
[05:00:15.973] [bmv2] [D] [thread 9926] [34.0] [cxt 0] Egress port is 511
[05:00:15.973] [bmv2] [D] [thread 9926] [34.0] [cxt 0] Dropping packet at the end of ingress
[05:00:16.569] [bmv2] [D] [thread 9926] [35.0] [cxt 0] Processing packet received on port 2
[05:00:16.569] [bmv2] [D] [thread 9926] [35.0] [cxt 0] Parser 'parser': start
[05:00:16.569] [bmv2] [D] [thread 9926] [35.0] [cxt 0] Parser 'parser' entering state 'start'
[05:00:16.569] [bmv2] [D] [thread 9926] [35.0] [cxt 0] Extracting header 'ethernet'
[05:00:16.569] [bmv2] [D] [thread 9926] [35.0] [cxt 0] Parser state 'start': key is 86dd
[05:00:16.569] [bmv2] [T] [thread 9926] [35.0] [cxt 0] Bytes parsed: 14
[05:00:16.569] [bmv2] [D] [thread 9926] [35.0] [cxt 0] Parser 'parser': end
[05:00:16.569] [bmv2] [D] [thread 9926] [35.0] [cxt 0] Pipeline 'ingress': start
[05:00:16.569] [bmv2] [T] [thread 9926] [35.0] [cxt 0] source_routing.p4(126) Condition "hdr.srcRoutes[0].isValid()" (node_2) is false
[05:00:16.569] [bmv2] [T] [thread 9926] [35.0] [cxt 0] Applying table 'tbl_drop'
[05:00:16.569] [bmv2] [D] [thread 9926] [35.0] [cxt 0] Looking up key:

[05:00:16.569] [bmv2] [D] [thread 9926] [35.0] [cxt 0] Table 'tbl_drop': miss
[05:00:16.569] [bmv2] [D] [thread 9926] [35.0] [cxt 0] Action entry is MyIngress.drop - 
[05:00:16.569] [bmv2] [T] [thread 9926] [35.0] [cxt 0] Action MyIngress.drop
[05:00:16.569] [bmv2] [T] [thread 9926] [35.0] [cxt 0] source_routing.p4(109) Primitive mark_to_drop()
[05:00:16.569] [bmv2] [D] [thread 9926] [35.0] [cxt 0] Pipeline 'ingress': end
[05:00:16.569] [bmv2] [D] [thread 9926] [35.0] [cxt 0] Egress port is 511
[05:00:16.569] [bmv2] [D] [thread 9926] [35.0] [cxt 0] Dropping packet at the end of ingress
open: No such file or directory
open: No such file or directory
open: No such file or directory
open: No such file or directory
open: No such file or directory
open: No such file or directory
